<?xml version="1.0" encoding="UTF-8" ?>
<testsuites name="vitest tests" tests="118" failures="118" errors="0" time="18.708">
    <testsuite name="src/types/services.test.ts" timestamp="2025-01-07T17:58:13.504Z" hostname="sophra" tests="1" failures="1" errors="0" skipped="0" time="0">
        <testcase classname="src/types/services.test.ts" name="src/types/services.test.ts" time="0">
            <failure message="No test suite found in file D:/sophra/src/types/services.test.ts" type="Error">
Error: No test suite found in file D:/sophra/src/types/services.test.ts
            </failure>
        </testcase>
    </testsuite>
    <testsuite name="src/app/api/api.admin.middleware.test.ts" timestamp="2025-01-07T17:58:13.508Z" hostname="sophra" tests="1" failures="1" errors="0" skipped="0" time="0">
        <testcase classname="src/app/api/api.admin.middleware.test.ts" name="src/app/api/api.admin.middleware.test.ts" time="0">
            <failure message="No test suite found in file D:/sophra/src/app/api/api.admin.middleware.test.ts" type="Error">
Error: No test suite found in file D:/sophra/src/app/api/api.admin.middleware.test.ts
            </failure>
        </testcase>
    </testsuite>
    <testsuite name="src/app/health/health.route.test.ts" timestamp="2025-01-07T17:58:13.510Z" hostname="sophra" tests="1" failures="1" errors="0" skipped="0" time="0">
        <testcase classname="src/app/health/health.route.test.ts" name="src/app/health/health.route.test.ts" time="0">
            <failure message="No test suite found in file D:/sophra/src/app/health/health.route.test.ts" type="Error">
Error: No test suite found in file D:/sophra/src/app/health/health.route.test.ts
            </failure>
        </testcase>
    </testsuite>
    <testsuite name="src/lib/test/next-server.mock.test.ts" timestamp="2025-01-07T17:58:13.511Z" hostname="sophra" tests="1" failures="1" errors="0" skipped="0" time="0">
        <testcase classname="src/lib/test/next-server.mock.test.ts" name="src/lib/test/next-server.mock.test.ts" time="0">
            <failure message="No test suite found in file D:/sophra/src/lib/test/next-server.mock.test.ts" type="Error">
Error: No test suite found in file D:/sophra/src/lib/test/next-server.mock.test.ts
            </failure>
        </testcase>
    </testsuite>
    <testsuite name="src/app/api/admin/permissions.test.ts" timestamp="2025-01-07T17:58:13.512Z" hostname="sophra" tests="1" failures="1" errors="0" skipped="0" time="0">
        <testcase classname="src/app/api/admin/permissions.test.ts" name="src/app/api/admin/permissions.test.ts" time="0">
            <failure message="No test suite found in file D:/sophra/src/app/api/admin/permissions.test.ts" type="Error">
Error: No test suite found in file D:/sophra/src/app/api/admin/permissions.test.ts
            </failure>
        </testcase>
    </testsuite>
    <testsuite name="src/app/api/cortex/api.cortex.types.test.ts" timestamp="2025-01-07T17:58:13.513Z" hostname="sophra" tests="1" failures="1" errors="0" skipped="0" time="0">
        <testcase classname="src/app/api/cortex/api.cortex.types.test.ts" name="src/app/api/cortex/api.cortex.types.test.ts" time="0">
            <failure message="No test suite found in file D:/sophra/src/app/api/cortex/api.cortex.types.test.ts" type="Error">
Error: No test suite found in file D:/sophra/src/app/api/cortex/api.cortex.types.test.ts
            </failure>
        </testcase>
    </testsuite>
    <testsuite name="src/app/api/keys/admin.middleware.test.ts" timestamp="2025-01-07T17:58:13.515Z" hostname="sophra" tests="1" failures="1" errors="0" skipped="0" time="0">
        <testcase classname="src/app/api/keys/admin.middleware.test.ts" name="src/app/api/keys/admin.middleware.test.ts" time="0">
            <failure message="No test suite found in file D:/sophra/src/app/api/keys/admin.middleware.test.ts" type="Error">
Error: No test suite found in file D:/sophra/src/app/api/keys/admin.middleware.test.ts
            </failure>
        </testcase>
    </testsuite>
    <testsuite name="src/app/api/keys/keys.route.test.ts" timestamp="2025-01-07T17:58:13.517Z" hostname="sophra" tests="1" failures="1" errors="0" skipped="0" time="0">
        <testcase classname="src/app/api/keys/keys.route.test.ts" name="src/app/api/keys/keys.route.test.ts" time="0">
            <failure message="No test suite found in file D:/sophra/src/app/api/keys/keys.route.test.ts" type="Error">
Error: No test suite found in file D:/sophra/src/app/api/keys/keys.route.test.ts
            </failure>
        </testcase>
    </testsuite>
    <testsuite name="src/lib/cortex/ab-testing/services.test.ts" timestamp="2025-01-07T17:58:13.518Z" hostname="sophra" tests="1" failures="1" errors="0" skipped="0" time="0">
        <testcase classname="src/lib/cortex/ab-testing/services.test.ts" name="src/lib/cortex/ab-testing/services.test.ts" time="0">
            <failure message="No test suite found in file D:/sophra/src/lib/cortex/ab-testing/services.test.ts" type="Error">
Error: No test suite found in file D:/sophra/src/lib/cortex/ab-testing/services.test.ts
            </failure>
        </testcase>
    </testsuite>
    <testsuite name="src/lib/cortex/core/client.test.ts" timestamp="2025-01-07T17:58:13.519Z" hostname="sophra" tests="1" failures="1" errors="0" skipped="0" time="0">
        <testcase classname="src/lib/cortex/core/client.test.ts" name="src/lib/cortex/core/client.test.ts" time="0">
            <failure message="No test suite found in file D:/sophra/src/lib/cortex/core/client.test.ts" type="Error">
Error: No test suite found in file D:/sophra/src/lib/cortex/core/client.test.ts
            </failure>
        </testcase>
    </testsuite>
    <testsuite name="src/lib/cortex/core/services.test.ts" timestamp="2025-01-07T17:58:13.521Z" hostname="sophra" tests="1" failures="1" errors="0" skipped="0" time="0">
        <testcase classname="src/lib/cortex/core/services.test.ts" name="src/lib/cortex/core/services.test.ts" time="0">
            <failure message="No test suite found in file D:/sophra/src/lib/cortex/core/services.test.ts" type="Error">
Error: No test suite found in file D:/sophra/src/lib/cortex/core/services.test.ts
            </failure>
        </testcase>
    </testsuite>
    <testsuite name="src/lib/cortex/core/sync-service.test.ts" timestamp="2025-01-07T17:58:13.522Z" hostname="sophra" tests="1" failures="1" errors="0" skipped="0" time="0">
        <testcase classname="src/lib/cortex/core/sync-service.test.ts" name="src/lib/cortex/core/sync-service.test.ts" time="0">
            <failure message="No test suite found in file D:/sophra/src/lib/cortex/core/sync-service.test.ts" type="Error">
Error: No test suite found in file D:/sophra/src/lib/cortex/core/sync-service.test.ts
            </failure>
        </testcase>
    </testsuite>
    <testsuite name="src/lib/cortex/core/validation-service.test.ts" timestamp="2025-01-07T17:58:13.522Z" hostname="sophra" tests="1" failures="1" errors="0" skipped="0" time="0">
        <testcase classname="src/lib/cortex/core/validation-service.test.ts" name="src/lib/cortex/core/validation-service.test.ts" time="0">
            <failure message="No test suite found in file D:/sophra/src/lib/cortex/core/validation-service.test.ts" type="Error">
Error: No test suite found in file D:/sophra/src/lib/cortex/core/validation-service.test.ts
            </failure>
        </testcase>
    </testsuite>
    <testsuite name="src/lib/cortex/documents/service.test.ts" timestamp="2025-01-07T17:58:13.523Z" hostname="sophra" tests="1" failures="1" errors="0" skipped="0" time="0">
        <testcase classname="src/lib/cortex/documents/service.test.ts" name="src/lib/cortex/documents/service.test.ts" time="0">
            <failure message="No test suite found in file D:/sophra/src/lib/cortex/documents/service.test.ts" type="Error">
Error: No test suite found in file D:/sophra/src/lib/cortex/documents/service.test.ts
            </failure>
        </testcase>
    </testsuite>
    <testsuite name="src/lib/cortex/analytics/service.test.ts" timestamp="2025-01-07T17:58:13.524Z" hostname="sophra" tests="1" failures="1" errors="0" skipped="0" time="0">
        <testcase classname="src/lib/cortex/analytics/service.test.ts" name="src/lib/cortex/analytics/service.test.ts" time="0">
            <failure message="No test suite found in file D:/sophra/src/lib/cortex/analytics/service.test.ts" type="Error">
Error: No test suite found in file D:/sophra/src/lib/cortex/analytics/service.test.ts
            </failure>
        </testcase>
    </testsuite>
    <testsuite name="src/lib/cortex/elasticsearch/client.test.ts" timestamp="2025-01-07T17:58:13.525Z" hostname="sophra" tests="1" failures="1" errors="0" skipped="0" time="0">
        <testcase classname="src/lib/cortex/elasticsearch/client.test.ts" name="src/lib/cortex/elasticsearch/client.test.ts" time="0">
            <failure message="No test suite found in file D:/sophra/src/lib/cortex/elasticsearch/client.test.ts" type="Error">
Error: No test suite found in file D:/sophra/src/lib/cortex/elasticsearch/client.test.ts
            </failure>
        </testcase>
    </testsuite>
    <testsuite name="src/lib/cortex/elasticsearch/core.test.ts" timestamp="2025-01-07T17:58:13.526Z" hostname="sophra" tests="1" failures="1" errors="0" skipped="0" time="0">
        <testcase classname="src/lib/cortex/elasticsearch/core.test.ts" name="src/lib/cortex/elasticsearch/core.test.ts" time="0">
            <failure message="No test suite found in file D:/sophra/src/lib/cortex/elasticsearch/core.test.ts" type="Error">
Error: No test suite found in file D:/sophra/src/lib/cortex/elasticsearch/core.test.ts
            </failure>
        </testcase>
    </testsuite>
    <testsuite name="src/lib/cortex/elasticsearch/init.test.ts" timestamp="2025-01-07T17:58:13.526Z" hostname="sophra" tests="1" failures="1" errors="0" skipped="0" time="0">
        <testcase classname="src/lib/cortex/elasticsearch/init.test.ts" name="src/lib/cortex/elasticsearch/init.test.ts" time="0">
            <failure message="No test suite found in file D:/sophra/src/lib/cortex/elasticsearch/init.test.ts" type="Error">
Error: No test suite found in file D:/sophra/src/lib/cortex/elasticsearch/init.test.ts
            </failure>
        </testcase>
    </testsuite>
    <testsuite name="src/lib/cortex/elasticsearch/mappings.test.ts" timestamp="2025-01-07T17:58:13.527Z" hostname="sophra" tests="1" failures="1" errors="0" skipped="0" time="0">
        <testcase classname="src/lib/cortex/elasticsearch/mappings.test.ts" name="src/lib/cortex/elasticsearch/mappings.test.ts" time="0">
            <failure message="No test suite found in file D:/sophra/src/lib/cortex/elasticsearch/mappings.test.ts" type="Error">
Error: No test suite found in file D:/sophra/src/lib/cortex/elasticsearch/mappings.test.ts
            </failure>
        </testcase>
    </testsuite>
    <testsuite name="src/lib/cortex/elasticsearch/query-builders.test.ts" timestamp="2025-01-07T17:58:13.528Z" hostname="sophra" tests="1" failures="1" errors="0" skipped="0" time="0">
        <testcase classname="src/lib/cortex/elasticsearch/query-builders.test.ts" name="src/lib/cortex/elasticsearch/query-builders.test.ts" time="0">
            <failure message="No test suite found in file D:/sophra/src/lib/cortex/elasticsearch/query-builders.test.ts" type="Error">
Error: No test suite found in file D:/sophra/src/lib/cortex/elasticsearch/query-builders.test.ts
            </failure>
        </testcase>
    </testsuite>
    <testsuite name="src/lib/cortex/elasticsearch/services.test.ts" timestamp="2025-01-07T17:58:13.529Z" hostname="sophra" tests="1" failures="1" errors="0" skipped="0" time="0">
        <testcase classname="src/lib/cortex/elasticsearch/services.test.ts" name="src/lib/cortex/elasticsearch/services.test.ts" time="0">
            <failure message="No test suite found in file D:/sophra/src/lib/cortex/elasticsearch/services.test.ts" type="Error">
Error: No test suite found in file D:/sophra/src/lib/cortex/elasticsearch/services.test.ts
            </failure>
        </testcase>
    </testsuite>
    <testsuite name="src/lib/cortex/events/emitter.test.ts" timestamp="2025-01-07T17:58:13.530Z" hostname="sophra" tests="1" failures="1" errors="0" skipped="0" time="0">
        <testcase classname="src/lib/cortex/events/emitter.test.ts" name="src/lib/cortex/events/emitter.test.ts" time="0">
            <failure message="No test suite found in file D:/sophra/src/lib/cortex/events/emitter.test.ts" type="Error">
Error: No test suite found in file D:/sophra/src/lib/cortex/events/emitter.test.ts
            </failure>
        </testcase>
    </testsuite>
    <testsuite name="src/lib/cortex/feedback/service.test.ts" timestamp="2025-01-07T17:58:13.532Z" hostname="sophra" tests="1" failures="1" errors="0" skipped="0" time="0">
        <testcase classname="src/lib/cortex/feedback/service.test.ts" name="src/lib/cortex/feedback/service.test.ts" time="0">
            <failure message="No test suite found in file D:/sophra/src/lib/cortex/feedback/service.test.ts" type="Error">
Error: No test suite found in file D:/sophra/src/lib/cortex/feedback/service.test.ts
            </failure>
        </testcase>
    </testsuite>
    <testsuite name="src/lib/cortex/middleware/auth.test.ts" timestamp="2025-01-07T17:58:13.534Z" hostname="sophra" tests="1" failures="1" errors="0" skipped="0" time="0">
        <testcase classname="src/lib/cortex/middleware/auth.test.ts" name="src/lib/cortex/middleware/auth.test.ts" time="0">
            <failure message="No test suite found in file D:/sophra/src/lib/cortex/middleware/auth.test.ts" type="Error">
Error: No test suite found in file D:/sophra/src/lib/cortex/middleware/auth.test.ts
            </failure>
        </testcase>
    </testsuite>
    <testsuite name="src/lib/cortex/monitoring/metrics.test.ts" timestamp="2025-01-07T17:58:13.535Z" hostname="sophra" tests="1" failures="1" errors="0" skipped="0" time="0">
        <testcase classname="src/lib/cortex/monitoring/metrics.test.ts" name="src/lib/cortex/monitoring/metrics.test.ts" time="0">
            <failure message="No test suite found in file D:/sophra/src/lib/cortex/monitoring/metrics.test.ts" type="Error">
Error: No test suite found in file D:/sophra/src/lib/cortex/monitoring/metrics.test.ts
            </failure>
        </testcase>
    </testsuite>
    <testsuite name="src/lib/cortex/postgres/services.test.ts" timestamp="2025-01-07T17:58:13.536Z" hostname="sophra" tests="1" failures="1" errors="0" skipped="0" time="0">
        <testcase classname="src/lib/cortex/postgres/services.test.ts" name="src/lib/cortex/postgres/services.test.ts" time="0">
            <failure message="No test suite found in file D:/sophra/src/lib/cortex/postgres/services.test.ts" type="Error">
Error: No test suite found in file D:/sophra/src/lib/cortex/postgres/services.test.ts
            </failure>
        </testcase>
    </testsuite>
    <testsuite name="src/lib/cortex/redis/client.test.ts" timestamp="2025-01-07T17:58:13.537Z" hostname="sophra" tests="1" failures="1" errors="0" skipped="0" time="0">
        <testcase classname="src/lib/cortex/redis/client.test.ts" name="src/lib/cortex/redis/client.test.ts" time="0">
            <failure message="No test suite found in file D:/sophra/src/lib/cortex/redis/client.test.ts" type="Error">
Error: No test suite found in file D:/sophra/src/lib/cortex/redis/client.test.ts
            </failure>
        </testcase>
    </testsuite>
    <testsuite name="src/lib/cortex/redis/services.test.ts" timestamp="2025-01-07T17:58:13.537Z" hostname="sophra" tests="1" failures="1" errors="0" skipped="0" time="0">
        <testcase classname="src/lib/cortex/redis/services.test.ts" name="src/lib/cortex/redis/services.test.ts" time="0">
            <failure message="No test suite found in file D:/sophra/src/lib/cortex/redis/services.test.ts" type="Error">
Error: No test suite found in file D:/sophra/src/lib/cortex/redis/services.test.ts
            </failure>
        </testcase>
    </testsuite>
    <testsuite name="src/lib/cortex/services/vectorization.test.ts" timestamp="2025-01-07T17:58:13.538Z" hostname="sophra" tests="1" failures="1" errors="0" skipped="0" time="0">
        <testcase classname="src/lib/cortex/services/vectorization.test.ts" name="src/lib/cortex/services/vectorization.test.ts" time="0">
            <failure message="No test suite found in file D:/sophra/src/lib/cortex/services/vectorization.test.ts" type="Error">
Error: No test suite found in file D:/sophra/src/lib/cortex/services/vectorization.test.ts
            </failure>
        </testcase>
    </testsuite>
    <testsuite name="src/lib/cortex/reporting/alert-thresholds.test.ts" timestamp="2025-01-07T17:58:13.539Z" hostname="sophra" tests="1" failures="1" errors="0" skipped="0" time="0">
        <testcase classname="src/lib/cortex/reporting/alert-thresholds.test.ts" name="src/lib/cortex/reporting/alert-thresholds.test.ts" time="0">
            <failure message="No test suite found in file D:/sophra/src/lib/cortex/reporting/alert-thresholds.test.ts" type="Error">
Error: No test suite found in file D:/sophra/src/lib/cortex/reporting/alert-thresholds.test.ts
            </failure>
        </testcase>
    </testsuite>
    <testsuite name="src/lib/cortex/reporting/distribution.test.ts" timestamp="2025-01-07T17:58:13.540Z" hostname="sophra" tests="1" failures="1" errors="0" skipped="0" time="0">
        <testcase classname="src/lib/cortex/reporting/distribution.test.ts" name="src/lib/cortex/reporting/distribution.test.ts" time="0">
            <failure message="No test suite found in file D:/sophra/src/lib/cortex/reporting/distribution.test.ts" type="Error">
Error: No test suite found in file D:/sophra/src/lib/cortex/reporting/distribution.test.ts
            </failure>
        </testcase>
    </testsuite>
    <testsuite name="src/lib/cortex/reporting/recommendations.test.ts" timestamp="2025-01-07T17:58:13.541Z" hostname="sophra" tests="1" failures="1" errors="0" skipped="0" time="0">
        <testcase classname="src/lib/cortex/reporting/recommendations.test.ts" name="src/lib/cortex/reporting/recommendations.test.ts" time="0">
            <failure message="No test suite found in file D:/sophra/src/lib/cortex/reporting/recommendations.test.ts" type="Error">
Error: No test suite found in file D:/sophra/src/lib/cortex/reporting/recommendations.test.ts
            </failure>
        </testcase>
    </testsuite>
    <testsuite name="src/lib/cortex/reporting/service.test.ts" timestamp="2025-01-07T17:58:13.542Z" hostname="sophra" tests="1" failures="1" errors="0" skipped="0" time="0">
        <testcase classname="src/lib/cortex/reporting/service.test.ts" name="src/lib/cortex/reporting/service.test.ts" time="0">
            <failure message="No test suite found in file D:/sophra/src/lib/cortex/reporting/service.test.ts" type="Error">
Error: No test suite found in file D:/sophra/src/lib/cortex/reporting/service.test.ts
            </failure>
        </testcase>
    </testsuite>
    <testsuite name="src/lib/cortex/sessions/service.test.ts" timestamp="2025-01-07T17:58:13.543Z" hostname="sophra" tests="1" failures="1" errors="0" skipped="0" time="0">
        <testcase classname="src/lib/cortex/sessions/service.test.ts" name="src/lib/cortex/sessions/service.test.ts" time="0">
            <failure message="No test suite found in file D:/sophra/src/lib/cortex/sessions/service.test.ts" type="Error">
Error: No test suite found in file D:/sophra/src/lib/cortex/sessions/service.test.ts
            </failure>
        </testcase>
    </testsuite>
    <testsuite name="src/lib/cortex/types/api.types.test.ts" timestamp="2025-01-07T17:58:13.544Z" hostname="sophra" tests="1" failures="1" errors="0" skipped="0" time="0">
        <testcase classname="src/lib/cortex/types/api.types.test.ts" name="src/lib/cortex/types/api.types.test.ts" time="0">
            <failure message="No test suite found in file D:/sophra/src/lib/cortex/types/api.types.test.ts" type="Error">
Error: No test suite found in file D:/sophra/src/lib/cortex/types/api.types.test.ts
            </failure>
        </testcase>
    </testsuite>
    <testsuite name="src/lib/cortex/types/search.types.test.ts" timestamp="2025-01-07T17:58:13.545Z" hostname="sophra" tests="1" failures="1" errors="0" skipped="0" time="0">
        <testcase classname="src/lib/cortex/types/search.types.test.ts" name="src/lib/cortex/types/search.types.test.ts" time="0">
            <failure message="No test suite found in file D:/sophra/src/lib/cortex/types/search.types.test.ts" type="Error">
Error: No test suite found in file D:/sophra/src/lib/cortex/types/search.types.test.ts
            </failure>
        </testcase>
    </testsuite>
    <testsuite name="src/lib/cortex/types/services.types.test.ts" timestamp="2025-01-07T17:58:13.545Z" hostname="sophra" tests="1" failures="1" errors="0" skipped="0" time="0">
        <testcase classname="src/lib/cortex/types/services.types.test.ts" name="src/lib/cortex/types/services.types.test.ts" time="0">
            <failure message="No test suite found in file D:/sophra/src/lib/cortex/types/services.types.test.ts" type="Error">
Error: No test suite found in file D:/sophra/src/lib/cortex/types/services.types.test.ts
            </failure>
        </testcase>
    </testsuite>
    <testsuite name="src/lib/cortex/types/session.types.test.ts" timestamp="2025-01-07T17:58:13.548Z" hostname="sophra" tests="1" failures="1" errors="0" skipped="0" time="0">
        <testcase classname="src/lib/cortex/types/session.types.test.ts" name="src/lib/cortex/types/session.types.test.ts" time="0">
            <failure message="No test suite found in file D:/sophra/src/lib/cortex/types/session.types.test.ts" type="Error">
Error: No test suite found in file D:/sophra/src/lib/cortex/types/session.types.test.ts
            </failure>
        </testcase>
    </testsuite>
    <testsuite name="src/lib/cortex/utils/circuit-breaker.test.ts" timestamp="2025-01-07T17:58:13.549Z" hostname="sophra" tests="1" failures="1" errors="0" skipped="0" time="0">
        <testcase classname="src/lib/cortex/utils/circuit-breaker.test.ts" name="src/lib/cortex/utils/circuit-breaker.test.ts" time="0">
            <failure message="No test suite found in file D:/sophra/src/lib/cortex/utils/circuit-breaker.test.ts" type="Error">
Error: No test suite found in file D:/sophra/src/lib/cortex/utils/circuit-breaker.test.ts
            </failure>
        </testcase>
    </testsuite>
    <testsuite name="src/lib/cortex/utils/rate-limit.test.ts" timestamp="2025-01-07T17:58:13.550Z" hostname="sophra" tests="1" failures="1" errors="0" skipped="0" time="0">
        <testcase classname="src/lib/cortex/utils/rate-limit.test.ts" name="src/lib/cortex/utils/rate-limit.test.ts" time="0">
            <failure message="No test suite found in file D:/sophra/src/lib/cortex/utils/rate-limit.test.ts" type="Error">
Error: No test suite found in file D:/sophra/src/lib/cortex/utils/rate-limit.test.ts
            </failure>
        </testcase>
    </testsuite>
    <testsuite name="src/lib/cortex/utils/request-queue.test.ts" timestamp="2025-01-07T17:58:13.552Z" hostname="sophra" tests="1" failures="1" errors="0" skipped="0" time="0">
        <testcase classname="src/lib/cortex/utils/request-queue.test.ts" name="src/lib/cortex/utils/request-queue.test.ts" time="0">
            <failure message="No test suite found in file D:/sophra/src/lib/cortex/utils/request-queue.test.ts" type="Error">
Error: No test suite found in file D:/sophra/src/lib/cortex/utils/request-queue.test.ts
            </failure>
        </testcase>
    </testsuite>
    <testsuite name="src/lib/cortex/utils/service-manager.test.ts" timestamp="2025-01-07T17:58:13.553Z" hostname="sophra" tests="1" failures="1" errors="0" skipped="0" time="0">
        <testcase classname="src/lib/cortex/utils/service-manager.test.ts" name="src/lib/cortex/utils/service-manager.test.ts" time="0">
            <failure message="No test suite found in file D:/sophra/src/lib/cortex/utils/service-manager.test.ts" type="Error">
Error: No test suite found in file D:/sophra/src/lib/cortex/utils/service-manager.test.ts
            </failure>
        </testcase>
    </testsuite>
    <testsuite name="src/lib/cortex/utils/validation.test.ts" timestamp="2025-01-07T17:58:13.554Z" hostname="sophra" tests="1" failures="1" errors="0" skipped="0" time="0">
        <testcase classname="src/lib/cortex/utils/validation.test.ts" name="src/lib/cortex/utils/validation.test.ts" time="0">
            <failure message="No test suite found in file D:/sophra/src/lib/cortex/utils/validation.test.ts" type="Error">
Error: No test suite found in file D:/sophra/src/lib/cortex/utils/validation.test.ts
            </failure>
        </testcase>
    </testsuite>
    <testsuite name="src/lib/nous/clients/openai.test.ts" timestamp="2025-01-07T17:58:13.555Z" hostname="sophra" tests="1" failures="1" errors="0" skipped="0" time="0">
        <testcase classname="src/lib/nous/clients/openai.test.ts" name="src/lib/nous/clients/openai.test.ts" time="0">
            <failure message="No test suite found in file D:/sophra/src/lib/nous/clients/openai.test.ts" type="Error">
Error: No test suite found in file D:/sophra/src/lib/nous/clients/openai.test.ts
            </failure>
        </testcase>
    </testsuite>
    <testsuite name="src/lib/nous/config/settings.test.ts" timestamp="2025-01-07T17:58:13.556Z" hostname="sophra" tests="1" failures="1" errors="0" skipped="0" time="0">
        <testcase classname="src/lib/nous/config/settings.test.ts" name="src/lib/nous/config/settings.test.ts" time="0">
            <failure message="No test suite found in file D:/sophra/src/lib/nous/config/settings.test.ts" type="Error">
Error: No test suite found in file D:/sophra/src/lib/nous/config/settings.test.ts
            </failure>
        </testcase>
    </testsuite>
    <testsuite name="src/lib/nous/config/types.test.ts" timestamp="2025-01-07T17:58:13.557Z" hostname="sophra" tests="1" failures="1" errors="0" skipped="0" time="0">
        <testcase classname="src/lib/nous/config/types.test.ts" name="src/lib/nous/config/types.test.ts" time="0">
            <failure message="No test suite found in file D:/sophra/src/lib/nous/config/types.test.ts" type="Error">
Error: No test suite found in file D:/sophra/src/lib/nous/config/types.test.ts
            </failure>
        </testcase>
    </testsuite>
    <testsuite name="src/lib/nous/engine/real-time-learner.test.ts" timestamp="2025-01-07T17:58:13.558Z" hostname="sophra" tests="1" failures="1" errors="0" skipped="0" time="0">
        <testcase classname="src/lib/nous/engine/real-time-learner.test.ts" name="src/lib/nous/engine/real-time-learner.test.ts" time="0">
            <failure message="No test suite found in file D:/sophra/src/lib/nous/engine/real-time-learner.test.ts" type="Error">
Error: No test suite found in file D:/sophra/src/lib/nous/engine/real-time-learner.test.ts
            </failure>
        </testcase>
    </testsuite>
    <testsuite name="src/lib/nous/engine/service.test.ts" timestamp="2025-01-07T17:58:13.559Z" hostname="sophra" tests="1" failures="1" errors="0" skipped="0" time="0">
        <testcase classname="src/lib/nous/engine/service.test.ts" name="src/lib/nous/engine/service.test.ts" time="0">
            <failure message="No test suite found in file D:/sophra/src/lib/nous/engine/service.test.ts" type="Error">
Error: No test suite found in file D:/sophra/src/lib/nous/engine/service.test.ts
            </failure>
        </testcase>
    </testsuite>
    <testsuite name="src/lib/nous/engine/types.test.ts" timestamp="2025-01-07T17:58:13.560Z" hostname="sophra" tests="1" failures="1" errors="0" skipped="0" time="0">
        <testcase classname="src/lib/nous/engine/types.test.ts" name="src/lib/nous/engine/types.test.ts" time="0">
            <failure message="No test suite found in file D:/sophra/src/lib/nous/engine/types.test.ts" type="Error">
Error: No test suite found in file D:/sophra/src/lib/nous/engine/types.test.ts
            </failure>
        </testcase>
    </testsuite>
    <testsuite name="src/lib/nous/learn/models.test.ts" timestamp="2025-01-07T17:58:13.561Z" hostname="sophra" tests="1" failures="1" errors="0" skipped="0" time="0">
        <testcase classname="src/lib/nous/learn/models.test.ts" name="src/lib/nous/learn/models.test.ts" time="0">
            <failure message="No test suite found in file D:/sophra/src/lib/nous/learn/models.test.ts" type="Error">
Error: No test suite found in file D:/sophra/src/lib/nous/learn/models.test.ts
            </failure>
        </testcase>
    </testsuite>
    <testsuite name="src/lib/nous/learn/pipeline.test.ts" timestamp="2025-01-07T17:58:13.563Z" hostname="sophra" tests="1" failures="1" errors="0" skipped="0" time="0">
        <testcase classname="src/lib/nous/learn/pipeline.test.ts" name="src/lib/nous/learn/pipeline.test.ts" time="0">
            <failure message="No test suite found in file D:/sophra/src/lib/nous/learn/pipeline.test.ts" type="Error">
Error: No test suite found in file D:/sophra/src/lib/nous/learn/pipeline.test.ts
            </failure>
        </testcase>
    </testsuite>
    <testsuite name="src/lib/nous/learn/training.test.ts" timestamp="2025-01-07T17:58:13.565Z" hostname="sophra" tests="1" failures="1" errors="0" skipped="0" time="0">
        <testcase classname="src/lib/nous/learn/training.test.ts" name="src/lib/nous/learn/training.test.ts" time="0">
            <failure message="No test suite found in file D:/sophra/src/lib/nous/learn/training.test.ts" type="Error">
Error: No test suite found in file D:/sophra/src/lib/nous/learn/training.test.ts
            </failure>
        </testcase>
    </testsuite>
    <testsuite name="src/lib/nous/models/base.test.ts" timestamp="2025-01-07T17:58:13.567Z" hostname="sophra" tests="1" failures="1" errors="0" skipped="0" time="0">
        <testcase classname="src/lib/nous/models/base.test.ts" name="src/lib/nous/models/base.test.ts" time="0">
            <failure message="No test suite found in file D:/sophra/src/lib/nous/models/base.test.ts" type="Error">
Error: No test suite found in file D:/sophra/src/lib/nous/models/base.test.ts
            </failure>
        </testcase>
    </testsuite>
    <testsuite name="src/lib/nous/monitoring/metrics.test.ts" timestamp="2025-01-07T17:58:13.568Z" hostname="sophra" tests="1" failures="1" errors="0" skipped="0" time="0">
        <testcase classname="src/lib/nous/monitoring/metrics.test.ts" name="src/lib/nous/monitoring/metrics.test.ts" time="0">
            <failure message="No test suite found in file D:/sophra/src/lib/nous/monitoring/metrics.test.ts" type="Error">
Error: No test suite found in file D:/sophra/src/lib/nous/monitoring/metrics.test.ts
            </failure>
        </testcase>
    </testsuite>
    <testsuite name="src/lib/nous/observe/collector.test.ts" timestamp="2025-01-07T17:58:13.569Z" hostname="sophra" tests="1" failures="1" errors="0" skipped="0" time="0">
        <testcase classname="src/lib/nous/observe/collector.test.ts" name="src/lib/nous/observe/collector.test.ts" time="0">
            <failure message="No test suite found in file D:/sophra/src/lib/nous/observe/collector.test.ts" type="Error">
Error: No test suite found in file D:/sophra/src/lib/nous/observe/collector.test.ts
            </failure>
        </testcase>
    </testsuite>
    <testsuite name="src/lib/nous/observe/coordinator.test.ts" timestamp="2025-01-07T17:58:13.570Z" hostname="sophra" tests="1" failures="1" errors="0" skipped="0" time="0">
        <testcase classname="src/lib/nous/observe/coordinator.test.ts" name="src/lib/nous/observe/coordinator.test.ts" time="0">
            <failure message="No test suite found in file D:/sophra/src/lib/nous/observe/coordinator.test.ts" type="Error">
Error: No test suite found in file D:/sophra/src/lib/nous/observe/coordinator.test.ts
            </failure>
        </testcase>
    </testsuite>
    <testsuite name="src/lib/nous/observe/processors.test.ts" timestamp="2025-01-07T17:58:13.571Z" hostname="sophra" tests="1" failures="1" errors="0" skipped="0" time="0">
        <testcase classname="src/lib/nous/observe/processors.test.ts" name="src/lib/nous/observe/processors.test.ts" time="0">
            <failure message="No test suite found in file D:/sophra/src/lib/nous/observe/processors.test.ts" type="Error">
Error: No test suite found in file D:/sophra/src/lib/nous/observe/processors.test.ts
            </failure>
        </testcase>
    </testsuite>
    <testsuite name="src/lib/nous/observe/signals.test.ts" timestamp="2025-01-07T17:58:13.572Z" hostname="sophra" tests="1" failures="1" errors="0" skipped="0" time="0">
        <testcase classname="src/lib/nous/observe/signals.test.ts" name="src/lib/nous/observe/signals.test.ts" time="0">
            <failure message="No test suite found in file D:/sophra/src/lib/nous/observe/signals.test.ts" type="Error">
Error: No test suite found in file D:/sophra/src/lib/nous/observe/signals.test.ts
            </failure>
        </testcase>
    </testsuite>
    <testsuite name="src/lib/nous/registry/index.test.ts" timestamp="2025-01-07T17:58:13.573Z" hostname="sophra" tests="1" failures="1" errors="0" skipped="0" time="0">
        <testcase classname="src/lib/nous/registry/index.test.ts" name="src/lib/nous/registry/index.test.ts" time="0">
            <failure message="No test suite found in file D:/sophra/src/lib/nous/registry/index.test.ts" type="Error">
Error: No test suite found in file D:/sophra/src/lib/nous/registry/index.test.ts
            </failure>
        </testcase>
    </testsuite>
    <testsuite name="src/lib/nous/registry/metadata.test.ts" timestamp="2025-01-07T17:58:13.575Z" hostname="sophra" tests="1" failures="1" errors="0" skipped="0" time="0">
        <testcase classname="src/lib/nous/registry/metadata.test.ts" name="src/lib/nous/registry/metadata.test.ts" time="0">
            <failure message="No test suite found in file D:/sophra/src/lib/nous/registry/metadata.test.ts" type="Error">
Error: No test suite found in file D:/sophra/src/lib/nous/registry/metadata.test.ts
            </failure>
        </testcase>
    </testsuite>
    <testsuite name="src/lib/nous/registry/store.test.ts" timestamp="2025-01-07T17:58:13.576Z" hostname="sophra" tests="1" failures="1" errors="0" skipped="0" time="0">
        <testcase classname="src/lib/nous/registry/store.test.ts" name="src/lib/nous/registry/store.test.ts" time="0">
            <failure message="No test suite found in file D:/sophra/src/lib/nous/registry/store.test.ts" type="Error">
Error: No test suite found in file D:/sophra/src/lib/nous/registry/store.test.ts
            </failure>
        </testcase>
    </testsuite>
    <testsuite name="src/lib/nous/registry/version.test.ts" timestamp="2025-01-07T17:58:13.577Z" hostname="sophra" tests="1" failures="1" errors="0" skipped="0" time="0">
        <testcase classname="src/lib/nous/registry/version.test.ts" name="src/lib/nous/registry/version.test.ts" time="0">
            <failure message="No test suite found in file D:/sophra/src/lib/nous/registry/version.test.ts" type="Error">
Error: No test suite found in file D:/sophra/src/lib/nous/registry/version.test.ts
            </failure>
        </testcase>
    </testsuite>
    <testsuite name="src/lib/nous/types/core.test.ts" timestamp="2025-01-07T17:58:13.578Z" hostname="sophra" tests="1" failures="1" errors="0" skipped="0" time="0">
        <testcase classname="src/lib/nous/types/core.test.ts" name="src/lib/nous/types/core.test.ts" time="0">
            <failure message="No test suite found in file D:/sophra/src/lib/nous/types/core.test.ts" type="Error">
Error: No test suite found in file D:/sophra/src/lib/nous/types/core.test.ts
            </failure>
        </testcase>
    </testsuite>
    <testsuite name="src/lib/nous/types/events.test.ts" timestamp="2025-01-07T17:58:13.579Z" hostname="sophra" tests="1" failures="1" errors="0" skipped="0" time="0">
        <testcase classname="src/lib/nous/types/events.test.ts" name="src/lib/nous/types/events.test.ts" time="0">
            <failure message="No test suite found in file D:/sophra/src/lib/nous/types/events.test.ts" type="Error">
Error: No test suite found in file D:/sophra/src/lib/nous/types/events.test.ts
            </failure>
        </testcase>
    </testsuite>
    <testsuite name="src/lib/nous/utils/service-manager.test.ts" timestamp="2025-01-07T17:58:13.580Z" hostname="sophra" tests="1" failures="1" errors="0" skipped="0" time="0">
        <testcase classname="src/lib/nous/utils/service-manager.test.ts" name="src/lib/nous/utils/service-manager.test.ts" time="0">
            <failure message="No test suite found in file D:/sophra/src/lib/nous/utils/service-manager.test.ts" type="Error">
Error: No test suite found in file D:/sophra/src/lib/nous/utils/service-manager.test.ts
            </failure>
        </testcase>
    </testsuite>
    <testsuite name="src/lib/nous/utils/signal-response.test.ts" timestamp="2025-01-07T17:58:13.581Z" hostname="sophra" tests="1" failures="1" errors="0" skipped="0" time="0">
        <testcase classname="src/lib/nous/utils/signal-response.test.ts" name="src/lib/nous/utils/signal-response.test.ts" time="0">
            <failure message="No test suite found in file D:/sophra/src/lib/nous/utils/signal-response.test.ts" type="Error">
Error: No test suite found in file D:/sophra/src/lib/nous/utils/signal-response.test.ts
            </failure>
        </testcase>
    </testsuite>
    <testsuite name="src/lib/nous/utils/threading.test.ts" timestamp="2025-01-07T17:58:13.582Z" hostname="sophra" tests="1" failures="1" errors="0" skipped="0" time="0">
        <testcase classname="src/lib/nous/utils/threading.test.ts" name="src/lib/nous/utils/threading.test.ts" time="0">
            <failure message="No test suite found in file D:/sophra/src/lib/nous/utils/threading.test.ts" type="Error">
Error: No test suite found in file D:/sophra/src/lib/nous/utils/threading.test.ts
            </failure>
        </testcase>
    </testsuite>
    <testsuite name="src/lib/shared/database/client.test.ts" timestamp="2025-01-07T17:58:13.583Z" hostname="sophra" tests="1" failures="1" errors="0" skipped="0" time="0">
        <testcase classname="src/lib/shared/database/client.test.ts" name="src/lib/shared/database/client.test.ts" time="0">
            <failure message="No test suite found in file D:/sophra/src/lib/shared/database/client.test.ts" type="Error">
Error: No test suite found in file D:/sophra/src/lib/shared/database/client.test.ts
            </failure>
        </testcase>
    </testsuite>
    <testsuite name="src/lib/shared/engine/adaptation-engine.test.ts" timestamp="2025-01-07T17:58:13.584Z" hostname="sophra" tests="1" failures="1" errors="0" skipped="0" time="0">
        <testcase classname="src/lib/shared/engine/adaptation-engine.test.ts" name="src/lib/shared/engine/adaptation-engine.test.ts" time="0">
            <failure message="No test suite found in file D:/sophra/src/lib/shared/engine/adaptation-engine.test.ts" type="Error">
Error: No test suite found in file D:/sophra/src/lib/shared/engine/adaptation-engine.test.ts
            </failure>
        </testcase>
    </testsuite>
    <testsuite name="src/lib/shared/engine/base-engine.test.ts" timestamp="2025-01-07T17:58:13.585Z" hostname="sophra" tests="1" failures="1" errors="0" skipped="0" time="0">
        <testcase classname="src/lib/shared/engine/base-engine.test.ts" name="src/lib/shared/engine/base-engine.test.ts" time="0">
            <failure message="No test suite found in file D:/sophra/src/lib/shared/engine/base-engine.test.ts" type="Error">
Error: No test suite found in file D:/sophra/src/lib/shared/engine/base-engine.test.ts
            </failure>
        </testcase>
    </testsuite>
    <testsuite name="src/lib/shared/engine/learning-engine.test.ts" timestamp="2025-01-07T17:58:13.586Z" hostname="sophra" tests="1" failures="1" errors="0" skipped="0" time="0">
        <testcase classname="src/lib/shared/engine/learning-engine.test.ts" name="src/lib/shared/engine/learning-engine.test.ts" time="0">
            <failure message="No test suite found in file D:/sophra/src/lib/shared/engine/learning-engine.test.ts" type="Error">
Error: No test suite found in file D:/sophra/src/lib/shared/engine/learning-engine.test.ts
            </failure>
        </testcase>
    </testsuite>
    <testsuite name="src/lib/shared/types/index.test.ts" timestamp="2025-01-07T17:58:13.587Z" hostname="sophra" tests="1" failures="1" errors="0" skipped="0" time="0">
        <testcase classname="src/lib/shared/types/index.test.ts" name="src/lib/shared/types/index.test.ts" time="0">
            <failure message="No test suite found in file D:/sophra/src/lib/shared/types/index.test.ts" type="Error">
Error: No test suite found in file D:/sophra/src/lib/shared/types/index.test.ts
            </failure>
        </testcase>
    </testsuite>
    <testsuite name="src/app/api/cortex/documents/documents.route.test.ts" timestamp="2025-01-07T17:58:13.587Z" hostname="sophra" tests="1" failures="1" errors="0" skipped="0" time="0">
        <testcase classname="src/app/api/cortex/documents/documents.route.test.ts" name="src/app/api/cortex/documents/documents.route.test.ts" time="0">
            <failure message="No test suite found in file D:/sophra/src/app/api/cortex/documents/documents.route.test.ts" type="Error">
Error: No test suite found in file D:/sophra/src/app/api/cortex/documents/documents.route.test.ts
            </failure>
        </testcase>
    </testsuite>
    <testsuite name="src/app/api/cortex/feedback/feedback.route.test.ts" timestamp="2025-01-07T17:58:13.588Z" hostname="sophra" tests="1" failures="1" errors="0" skipped="0" time="0">
        <testcase classname="src/app/api/cortex/feedback/feedback.route.test.ts" name="src/app/api/cortex/feedback/feedback.route.test.ts" time="0">
            <failure message="No test suite found in file D:/sophra/src/app/api/cortex/feedback/feedback.route.test.ts" type="Error">
Error: No test suite found in file D:/sophra/src/app/api/cortex/feedback/feedback.route.test.ts
            </failure>
        </testcase>
    </testsuite>
    <testsuite name="src/app/api/cortex/metrics/metrics.route.test.ts" timestamp="2025-01-07T17:58:13.589Z" hostname="sophra" tests="1" failures="1" errors="0" skipped="0" time="0">
        <testcase classname="src/app/api/cortex/metrics/metrics.route.test.ts" name="src/app/api/cortex/metrics/metrics.route.test.ts" time="0">
            <failure message="No test suite found in file D:/sophra/src/app/api/cortex/metrics/metrics.route.test.ts" type="Error">
Error: No test suite found in file D:/sophra/src/app/api/cortex/metrics/metrics.route.test.ts
            </failure>
        </testcase>
    </testsuite>
    <testsuite name="src/app/api/cortex/indices/indices.route.test.ts" timestamp="2025-01-07T17:58:13.590Z" hostname="sophra" tests="1" failures="1" errors="0" skipped="0" time="0">
        <testcase classname="src/app/api/cortex/indices/indices.route.test.ts" name="src/app/api/cortex/indices/indices.route.test.ts" time="0">
            <failure message="No test suite found in file D:/sophra/src/app/api/cortex/indices/indices.route.test.ts" type="Error">
Error: No test suite found in file D:/sophra/src/app/api/cortex/indices/indices.route.test.ts
            </failure>
        </testcase>
    </testsuite>
    <testsuite name="src/app/api/cortex/search/search.route.test.ts" timestamp="2025-01-07T17:58:13.590Z" hostname="sophra" tests="1" failures="1" errors="0" skipped="0" time="0">
        <testcase classname="src/app/api/cortex/search/search.route.test.ts" name="src/app/api/cortex/search/search.route.test.ts" time="0">
            <failure message="No test suite found in file D:/sophra/src/app/api/cortex/search/search.route.test.ts" type="Error">
Error: No test suite found in file D:/sophra/src/app/api/cortex/search/search.route.test.ts
            </failure>
        </testcase>
    </testsuite>
    <testsuite name="src/app/api/cortex/sessions/sessions.route.test.ts" timestamp="2025-01-07T17:58:13.591Z" hostname="sophra" tests="1" failures="1" errors="0" skipped="0" time="0">
        <testcase classname="src/app/api/cortex/sessions/sessions.route.test.ts" name="src/app/api/cortex/sessions/sessions.route.test.ts" time="0">
            <failure message="No test suite found in file D:/sophra/src/app/api/cortex/sessions/sessions.route.test.ts" type="Error">
Error: No test suite found in file D:/sophra/src/app/api/cortex/sessions/sessions.route.test.ts
            </failure>
        </testcase>
    </testsuite>
    <testsuite name="src/app/api/nous/signals/route.test.ts" timestamp="2025-01-07T17:58:13.593Z" hostname="sophra" tests="1" failures="1" errors="0" skipped="0" time="0">
        <testcase classname="src/app/api/nous/signals/route.test.ts" name="src/app/api/nous/signals/route.test.ts" time="0">
            <failure message="No test suite found in file D:/sophra/src/app/api/nous/signals/route.test.ts" type="Error">
Error: No test suite found in file D:/sophra/src/app/api/nous/signals/route.test.ts
            </failure>
        </testcase>
    </testsuite>
    <testsuite name="src/app/api/nous/signals/signals.route.test.ts" timestamp="2025-01-07T17:58:13.594Z" hostname="sophra" tests="1" failures="1" errors="0" skipped="0" time="0">
        <testcase classname="src/app/api/nous/signals/signals.route.test.ts" name="src/app/api/nous/signals/signals.route.test.ts" time="0">
            <failure message="No test suite found in file D:/sophra/src/app/api/nous/signals/signals.route.test.ts" type="Error">
Error: No test suite found in file D:/sophra/src/app/api/nous/signals/signals.route.test.ts
            </failure>
        </testcase>
    </testsuite>
    <testsuite name="src/lib/nous/adapt/actions/index.test.ts" timestamp="2025-01-07T17:58:13.597Z" hostname="sophra" tests="1" failures="1" errors="0" skipped="0" time="0">
        <testcase classname="src/lib/nous/adapt/actions/index.test.ts" name="src/lib/nous/adapt/actions/index.test.ts" time="0">
            <failure message="No test suite found in file D:/sophra/src/lib/nous/adapt/actions/index.test.ts" type="Error">
Error: No test suite found in file D:/sophra/src/lib/nous/adapt/actions/index.test.ts
            </failure>
        </testcase>
    </testsuite>
    <testsuite name="src/lib/nous/adapt/rules/index.test.ts" timestamp="2025-01-07T17:58:13.598Z" hostname="sophra" tests="1" failures="1" errors="0" skipped="0" time="0">
        <testcase classname="src/lib/nous/adapt/rules/index.test.ts" name="src/lib/nous/adapt/rules/index.test.ts" time="0">
            <failure message="No test suite found in file D:/sophra/src/lib/nous/adapt/rules/index.test.ts" type="Error">
Error: No test suite found in file D:/sophra/src/lib/nous/adapt/rules/index.test.ts
            </failure>
        </testcase>
    </testsuite>
    <testsuite name="src/lib/nous/adapt/types/index.test.ts" timestamp="2025-01-07T17:58:13.599Z" hostname="sophra" tests="1" failures="1" errors="0" skipped="0" time="0">
        <testcase classname="src/lib/nous/adapt/types/index.test.ts" name="src/lib/nous/adapt/types/index.test.ts" time="0">
            <failure message="No test suite found in file D:/sophra/src/lib/nous/adapt/types/index.test.ts" type="Error">
Error: No test suite found in file D:/sophra/src/lib/nous/adapt/types/index.test.ts
            </failure>
        </testcase>
    </testsuite>
    <testsuite name="src/lib/shared/engine/adapters/metrics-adapter.test.ts" timestamp="2025-01-07T17:58:13.600Z" hostname="sophra" tests="1" failures="1" errors="0" skipped="0" time="0">
        <testcase classname="src/lib/shared/engine/adapters/metrics-adapter.test.ts" name="src/lib/shared/engine/adapters/metrics-adapter.test.ts" time="0">
            <failure message="No test suite found in file D:/sophra/src/lib/shared/engine/adapters/metrics-adapter.test.ts" type="Error">
Error: No test suite found in file D:/sophra/src/lib/shared/engine/adapters/metrics-adapter.test.ts
            </failure>
        </testcase>
    </testsuite>
    <testsuite name="src/lib/shared/engine/adapters/redis-adapter.test.ts" timestamp="2025-01-07T17:58:13.601Z" hostname="sophra" tests="1" failures="1" errors="0" skipped="0" time="0">
        <testcase classname="src/lib/shared/engine/adapters/redis-adapter.test.ts" name="src/lib/shared/engine/adapters/redis-adapter.test.ts" time="0">
            <failure message="No test suite found in file D:/sophra/src/lib/shared/engine/adapters/redis-adapter.test.ts" type="Error">
Error: No test suite found in file D:/sophra/src/lib/shared/engine/adapters/redis-adapter.test.ts
            </failure>
        </testcase>
    </testsuite>
    <testsuite name="src/lib/shared/engine/processors/base-processor.test.ts" timestamp="2025-01-07T17:58:13.602Z" hostname="sophra" tests="1" failures="1" errors="0" skipped="0" time="0">
        <testcase classname="src/lib/shared/engine/processors/base-processor.test.ts" name="src/lib/shared/engine/processors/base-processor.test.ts" time="0">
            <failure message="No test suite found in file D:/sophra/src/lib/shared/engine/processors/base-processor.test.ts" type="Error">
Error: No test suite found in file D:/sophra/src/lib/shared/engine/processors/base-processor.test.ts
            </failure>
        </testcase>
    </testsuite>
    <testsuite name="src/lib/shared/engine/processors/feedback-processor.test.ts" timestamp="2025-01-07T17:58:13.603Z" hostname="sophra" tests="1" failures="1" errors="0" skipped="0" time="0">
        <testcase classname="src/lib/shared/engine/processors/feedback-processor.test.ts" name="src/lib/shared/engine/processors/feedback-processor.test.ts" time="0">
            <failure message="No test suite found in file D:/sophra/src/lib/shared/engine/processors/feedback-processor.test.ts" type="Error">
Error: No test suite found in file D:/sophra/src/lib/shared/engine/processors/feedback-processor.test.ts
            </failure>
        </testcase>
    </testsuite>
    <testsuite name="src/lib/shared/engine/processors/performance-processor.test.ts" timestamp="2025-01-07T17:58:13.603Z" hostname="sophra" tests="1" failures="1" errors="0" skipped="0" time="0">
        <testcase classname="src/lib/shared/engine/processors/performance-processor.test.ts" name="src/lib/shared/engine/processors/performance-processor.test.ts" time="0">
            <failure message="No test suite found in file D:/sophra/src/lib/shared/engine/processors/performance-processor.test.ts" type="Error">
Error: No test suite found in file D:/sophra/src/lib/shared/engine/processors/performance-processor.test.ts
            </failure>
        </testcase>
    </testsuite>
    <testsuite name="src/lib/shared/engine/processors/strategy-processor.test.ts" timestamp="2025-01-07T17:58:13.604Z" hostname="sophra" tests="1" failures="1" errors="0" skipped="0" time="0">
        <testcase classname="src/lib/shared/engine/processors/strategy-processor.test.ts" name="src/lib/shared/engine/processors/strategy-processor.test.ts" time="0">
            <failure message="No test suite found in file D:/sophra/src/lib/shared/engine/processors/strategy-processor.test.ts" type="Error">
Error: No test suite found in file D:/sophra/src/lib/shared/engine/processors/strategy-processor.test.ts
            </failure>
        </testcase>
    </testsuite>
    <testsuite name="src/lib/shared/engine/processors/time-based-processor.test.ts" timestamp="2025-01-07T17:58:13.605Z" hostname="sophra" tests="1" failures="1" errors="0" skipped="0" time="0">
        <testcase classname="src/lib/shared/engine/processors/time-based-processor.test.ts" name="src/lib/shared/engine/processors/time-based-processor.test.ts" time="0">
            <failure message="No test suite found in file D:/sophra/src/lib/shared/engine/processors/time-based-processor.test.ts" type="Error">
Error: No test suite found in file D:/sophra/src/lib/shared/engine/processors/time-based-processor.test.ts
            </failure>
        </testcase>
    </testsuite>
    <testsuite name="src/lib/shared/logger/src/logger.test.ts" timestamp="2025-01-07T17:58:13.606Z" hostname="sophra" tests="1" failures="1" errors="0" skipped="0" time="0">
        <testcase classname="src/lib/shared/logger/src/logger.test.ts" name="src/lib/shared/logger/src/logger.test.ts" time="0">
            <failure message="No test suite found in file D:/sophra/src/lib/shared/logger/src/logger.test.ts" type="Error">
Error: No test suite found in file D:/sophra/src/lib/shared/logger/src/logger.test.ts
            </failure>
        </testcase>
    </testsuite>
    <testsuite name="src/app/api/cortex/ab-test/assign/assign.route.test.ts" timestamp="2025-01-07T17:58:13.607Z" hostname="sophra" tests="1" failures="1" errors="0" skipped="0" time="0">
        <testcase classname="src/app/api/cortex/ab-test/assign/assign.route.test.ts" name="src/app/api/cortex/ab-test/assign/assign.route.test.ts" time="0">
            <failure message="No test suite found in file D:/sophra/src/app/api/cortex/ab-test/assign/assign.route.test.ts" type="Error">
Error: No test suite found in file D:/sophra/src/app/api/cortex/ab-test/assign/assign.route.test.ts
            </failure>
        </testcase>
    </testsuite>
    <testsuite name="src/app/api/cortex/ab-test/create/create.route.test.ts" timestamp="2025-01-07T17:58:13.608Z" hostname="sophra" tests="1" failures="1" errors="0" skipped="0" time="0">
        <testcase classname="src/app/api/cortex/ab-test/create/create.route.test.ts" name="src/app/api/cortex/ab-test/create/create.route.test.ts" time="0">
            <failure message="No test suite found in file D:/sophra/src/app/api/cortex/ab-test/create/create.route.test.ts" type="Error">
Error: No test suite found in file D:/sophra/src/app/api/cortex/ab-test/create/create.route.test.ts
            </failure>
        </testcase>
    </testsuite>
    <testsuite name="src/app/api/cortex/analytics/reports/report.route.test.ts" timestamp="2025-01-07T17:58:13.609Z" hostname="sophra" tests="1" failures="1" errors="0" skipped="0" time="0">
        <testcase classname="src/app/api/cortex/analytics/reports/report.route.test.ts" name="src/app/api/cortex/analytics/reports/report.route.test.ts" time="0">
            <failure message="No test suite found in file D:/sophra/src/app/api/cortex/analytics/reports/report.route.test.ts" type="Error">
Error: No test suite found in file D:/sophra/src/app/api/cortex/analytics/reports/report.route.test.ts
            </failure>
        </testcase>
    </testsuite>
    <testsuite name="src/app/api/cortex/analytics/search/search.route.test.ts" timestamp="2025-01-07T17:58:13.609Z" hostname="sophra" tests="1" failures="1" errors="0" skipped="0" time="0">
        <testcase classname="src/app/api/cortex/analytics/search/search.route.test.ts" name="src/app/api/cortex/analytics/search/search.route.test.ts" time="0">
            <failure message="No test suite found in file D:/sophra/src/app/api/cortex/analytics/search/search.route.test.ts" type="Error">
Error: No test suite found in file D:/sophra/src/app/api/cortex/analytics/search/search.route.test.ts
            </failure>
        </testcase>
    </testsuite>
    <testsuite name="src/app/api/cortex/documents/bulk/bulk.route.test.ts" timestamp="2025-01-07T17:58:13.610Z" hostname="sophra" tests="1" failures="1" errors="0" skipped="0" time="0">
        <testcase classname="src/app/api/cortex/documents/bulk/bulk.route.test.ts" name="src/app/api/cortex/documents/bulk/bulk.route.test.ts" time="0">
            <failure message="No test suite found in file D:/sophra/src/app/api/cortex/documents/bulk/bulk.route.test.ts" type="Error">
Error: No test suite found in file D:/sophra/src/app/api/cortex/documents/bulk/bulk.route.test.ts
            </failure>
        </testcase>
    </testsuite>
    <testsuite name="src/app/api/cortex/documents/verify/verify.route.test.ts" timestamp="2025-01-07T17:58:13.611Z" hostname="sophra" tests="1" failures="1" errors="0" skipped="0" time="0">
        <testcase classname="src/app/api/cortex/documents/verify/verify.route.test.ts" name="src/app/api/cortex/documents/verify/verify.route.test.ts" time="0">
            <failure message="No test suite found in file D:/sophra/src/app/api/cortex/documents/verify/verify.route.test.ts" type="Error">
Error: No test suite found in file D:/sophra/src/app/api/cortex/documents/verify/verify.route.test.ts
            </failure>
        </testcase>
    </testsuite>
    <testsuite name="src/app/api/cortex/documents/[id]/id.route.test.ts" timestamp="2025-01-07T17:58:13.612Z" hostname="sophra" tests="1" failures="1" errors="0" skipped="0" time="0">
        <testcase classname="src/app/api/cortex/documents/[id]/id.route.test.ts" name="src/app/api/cortex/documents/[id]/id.route.test.ts" time="0">
            <failure message="Vitest failed to find the current suite. This is a bug in Vitest. Please, open an issue with reproduction." type="Error">
Error: Vitest failed to find the current suite. This is a bug in Vitest. Please, open an issue with reproduction.
 ❯ src/app/api/cortex/documents/[id]/id.route.test.ts:61:1
            </failure>
        </testcase>
    </testsuite>
    <testsuite name="src/app/api/cortex/engine/health/engine.health.route.test.ts" timestamp="2025-01-07T17:58:13.613Z" hostname="sophra" tests="1" failures="1" errors="0" skipped="0" time="0">
        <testcase classname="src/app/api/cortex/engine/health/engine.health.route.test.ts" name="src/app/api/cortex/engine/health/engine.health.route.test.ts" time="0">
            <failure message="No test suite found in file D:/sophra/src/app/api/cortex/engine/health/engine.health.route.test.ts" type="Error">
Error: No test suite found in file D:/sophra/src/app/api/cortex/engine/health/engine.health.route.test.ts
            </failure>
        </testcase>
    </testsuite>
    <testsuite name="src/app/api/nous/ab-testing/experiments/experiments.route.test.ts" timestamp="2025-01-07T17:58:13.615Z" hostname="sophra" tests="1" failures="1" errors="0" skipped="0" time="0">
        <testcase classname="src/app/api/nous/ab-testing/experiments/experiments.route.test.ts" name="src/app/api/nous/ab-testing/experiments/experiments.route.test.ts" time="0">
            <failure message="No test suite found in file D:/sophra/src/app/api/nous/ab-testing/experiments/experiments.route.test.ts" type="Error">
Error: No test suite found in file D:/sophra/src/app/api/nous/ab-testing/experiments/experiments.route.test.ts
            </failure>
        </testcase>
    </testsuite>
    <testsuite name="src/app/api/nous/ab-testing/results/results.route.test.ts" timestamp="2025-01-07T17:58:13.616Z" hostname="sophra" tests="1" failures="1" errors="0" skipped="0" time="0">
        <testcase classname="src/app/api/nous/ab-testing/results/results.route.test.ts" name="src/app/api/nous/ab-testing/results/results.route.test.ts" time="0">
            <failure message="No test suite found in file D:/sophra/src/app/api/nous/ab-testing/results/results.route.test.ts" type="Error">
Error: No test suite found in file D:/sophra/src/app/api/nous/ab-testing/results/results.route.test.ts
            </failure>
        </testcase>
    </testsuite>
    <testsuite name="src/app/api/nous/adapt/apply/apply.route.test.ts" timestamp="2025-01-07T17:58:13.617Z" hostname="sophra" tests="1" failures="1" errors="0" skipped="0" time="0">
        <testcase classname="src/app/api/nous/adapt/apply/apply.route.test.ts" name="src/app/api/nous/adapt/apply/apply.route.test.ts" time="0">
            <failure message="No test suite found in file D:/sophra/src/app/api/nous/adapt/apply/apply.route.test.ts" type="Error">
Error: No test suite found in file D:/sophra/src/app/api/nous/adapt/apply/apply.route.test.ts
            </failure>
        </testcase>
    </testsuite>
    <testsuite name="src/app/api/nous/adapt/rules/rules.route.test.ts" timestamp="2025-01-07T17:58:13.618Z" hostname="sophra" tests="1" failures="1" errors="0" skipped="0" time="0">
        <testcase classname="src/app/api/nous/adapt/rules/rules.route.test.ts" name="src/app/api/nous/adapt/rules/rules.route.test.ts" time="0">
            <failure message="No test suite found in file D:/sophra/src/app/api/nous/adapt/rules/rules.route.test.ts" type="Error">
Error: No test suite found in file D:/sophra/src/app/api/nous/adapt/rules/rules.route.test.ts
            </failure>
        </testcase>
    </testsuite>
    <testsuite name="src/app/api/nous/adapt/suggest/suggest.route.test.ts" timestamp="2025-01-07T17:58:13.619Z" hostname="sophra" tests="1" failures="1" errors="0" skipped="0" time="0">
        <testcase classname="src/app/api/nous/adapt/suggest/suggest.route.test.ts" name="src/app/api/nous/adapt/suggest/suggest.route.test.ts" time="0">
            <failure message="No test suite found in file D:/sophra/src/app/api/nous/adapt/suggest/suggest.route.test.ts" type="Error">
Error: No test suite found in file D:/sophra/src/app/api/nous/adapt/suggest/suggest.route.test.ts
            </failure>
        </testcase>
    </testsuite>
    <testsuite name="src/app/api/nous/learn/events/events.route.test.ts" timestamp="2025-01-07T17:58:13.620Z" hostname="sophra" tests="1" failures="1" errors="0" skipped="0" time="0">
        <testcase classname="src/app/api/nous/learn/events/events.route.test.ts" name="src/app/api/nous/learn/events/events.route.test.ts" time="0">
            <failure message="No test suite found in file D:/sophra/src/app/api/nous/learn/events/events.route.test.ts" type="Error">
Error: No test suite found in file D:/sophra/src/app/api/nous/learn/events/events.route.test.ts
            </failure>
        </testcase>
    </testsuite>
    <testsuite name="src/app/api/nous/learn/feedback/feedback.route.test.ts" timestamp="2025-01-07T17:58:13.621Z" hostname="sophra" tests="1" failures="1" errors="0" skipped="0" time="0">
        <testcase classname="src/app/api/nous/learn/feedback/feedback.route.test.ts" name="src/app/api/nous/learn/feedback/feedback.route.test.ts" time="0">
            <failure message="No test suite found in file D:/sophra/src/app/api/nous/learn/feedback/feedback.route.test.ts" type="Error">
Error: No test suite found in file D:/sophra/src/app/api/nous/learn/feedback/feedback.route.test.ts
            </failure>
        </testcase>
    </testsuite>
    <testsuite name="src/app/api/nous/learn/metrics/metrics.route.test.ts" timestamp="2025-01-07T17:58:13.622Z" hostname="sophra" tests="1" failures="1" errors="0" skipped="0" time="0">
        <testcase classname="src/app/api/nous/learn/metrics/metrics.route.test.ts" name="src/app/api/nous/learn/metrics/metrics.route.test.ts" time="0">
            <failure message="No test suite found in file D:/sophra/src/app/api/nous/learn/metrics/metrics.route.test.ts" type="Error">
Error: No test suite found in file D:/sophra/src/app/api/nous/learn/metrics/metrics.route.test.ts
            </failure>
        </testcase>
    </testsuite>
    <testsuite name="src/app/api/nous/learn/models/models.route.test.ts" timestamp="2025-01-07T17:58:13.623Z" hostname="sophra" tests="1" failures="1" errors="0" skipped="0" time="0">
        <testcase classname="src/app/api/nous/learn/models/models.route.test.ts" name="src/app/api/nous/learn/models/models.route.test.ts" time="0">
            <failure message="No test suite found in file D:/sophra/src/app/api/nous/learn/models/models.route.test.ts" type="Error">
Error: No test suite found in file D:/sophra/src/app/api/nous/learn/models/models.route.test.ts
            </failure>
        </testcase>
    </testsuite>
    <testsuite name="src/app/api/nous/learn/search-patterns/search-patterns.route.test.ts" timestamp="2025-01-07T17:58:13.624Z" hostname="sophra" tests="1" failures="1" errors="0" skipped="0" time="0">
        <testcase classname="src/app/api/nous/learn/search-patterns/search-patterns.route.test.ts" name="src/app/api/nous/learn/search-patterns/search-patterns.route.test.ts" time="0">
            <failure message="No test suite found in file D:/sophra/src/app/api/nous/learn/search-patterns/search-patterns.route.test.ts" type="Error">
Error: No test suite found in file D:/sophra/src/app/api/nous/learn/search-patterns/search-patterns.route.test.ts
            </failure>
        </testcase>
    </testsuite>
    <testsuite name="src/app/api/nous/signals/observe/observe.route.test.ts" timestamp="2025-01-07T17:58:13.625Z" hostname="sophra" tests="1" failures="1" errors="0" skipped="0" time="0">
        <testcase classname="src/app/api/nous/signals/observe/observe.route.test.ts" name="src/app/api/nous/signals/observe/observe.route.test.ts" time="0">
            <failure message="No test suite found in file D:/sophra/src/app/api/nous/signals/observe/observe.route.test.ts" type="Error">
Error: No test suite found in file D:/sophra/src/app/api/nous/signals/observe/observe.route.test.ts
            </failure>
        </testcase>
    </testsuite>
    <testsuite name="src/app/api/nous/signals/process/process.route.test.ts" timestamp="2025-01-07T17:58:13.626Z" hostname="sophra" tests="1" failures="1" errors="0" skipped="0" time="0">
        <testcase classname="src/app/api/nous/signals/process/process.route.test.ts" name="src/app/api/nous/signals/process/process.route.test.ts" time="0">
            <failure message="No test suite found in file D:/sophra/src/app/api/nous/signals/process/process.route.test.ts" type="Error">
Error: No test suite found in file D:/sophra/src/app/api/nous/signals/process/process.route.test.ts
            </failure>
        </testcase>
    </testsuite>
    <testsuite name="src/app/api/cortex/documents/[id]/vectorize/vectorize.route.test.ts" timestamp="2025-01-07T17:58:13.627Z" hostname="sophra" tests="1" failures="1" errors="0" skipped="0" time="0">
        <testcase classname="src/app/api/cortex/documents/[id]/vectorize/vectorize.route.test.ts" name="src/app/api/cortex/documents/[id]/vectorize/vectorize.route.test.ts" time="0">
            <failure message="No test suite found in file D:/sophra/src/app/api/cortex/documents/[id]/vectorize/vectorize.route.test.ts" type="Error">
Error: No test suite found in file D:/sophra/src/app/api/cortex/documents/[id]/vectorize/vectorize.route.test.ts
            </failure>
        </testcase>
    </testsuite>
    <testsuite name="src/app/api/cortex/sessions/[sessionId]/analytics/id.analytics.route.test.ts" timestamp="2025-01-07T17:58:13.628Z" hostname="sophra" tests="1" failures="1" errors="0" skipped="0" time="0">
        <testcase classname="src/app/api/cortex/sessions/[sessionId]/analytics/id.analytics.route.test.ts" name="src/app/api/cortex/sessions/[sessionId]/analytics/id.analytics.route.test.ts" time="0">
            <failure message="No test suite found in file D:/sophra/src/app/api/cortex/sessions/[sessionId]/analytics/id.analytics.route.test.ts" type="Error">
Error: No test suite found in file D:/sophra/src/app/api/cortex/sessions/[sessionId]/analytics/id.analytics.route.test.ts
            </failure>
        </testcase>
    </testsuite>
    <testsuite name="src/app/api/nous/ab-testing/experiments/activate/activate.route.test.ts" timestamp="2025-01-07T17:58:13.628Z" hostname="sophra" tests="1" failures="1" errors="0" skipped="0" time="0">
        <testcase classname="src/app/api/nous/ab-testing/experiments/activate/activate.route.test.ts" name="src/app/api/nous/ab-testing/experiments/activate/activate.route.test.ts" time="0">
            <failure message="No test suite found in file D:/sophra/src/app/api/nous/ab-testing/experiments/activate/activate.route.test.ts" type="Error">
Error: No test suite found in file D:/sophra/src/app/api/nous/ab-testing/experiments/activate/activate.route.test.ts
            </failure>
        </testcase>
    </testsuite>
    <testsuite name="src/app/api/nous/ab-testing/experiments/apply/apply.route.test.ts" timestamp="2025-01-07T17:58:13.630Z" hostname="sophra" tests="1" failures="1" errors="0" skipped="0" time="0">
        <testcase classname="src/app/api/nous/ab-testing/experiments/apply/apply.route.test.ts" name="src/app/api/nous/ab-testing/experiments/apply/apply.route.test.ts" time="0">
            <failure message="No test suite found in file D:/sophra/src/app/api/nous/ab-testing/experiments/apply/apply.route.test.ts" type="Error">
Error: No test suite found in file D:/sophra/src/app/api/nous/ab-testing/experiments/apply/apply.route.test.ts
            </failure>
        </testcase>
    </testsuite>
    <testsuite name="src/app/api/nous/ab-testing/experiments/deactivate/deactivate.route.test.ts" timestamp="2025-01-07T17:58:13.631Z" hostname="sophra" tests="1" failures="1" errors="0" skipped="0" time="0">
        <testcase classname="src/app/api/nous/ab-testing/experiments/deactivate/deactivate.route.test.ts" name="src/app/api/nous/ab-testing/experiments/deactivate/deactivate.route.test.ts" time="0">
            <failure message="No test suite found in file D:/sophra/src/app/api/nous/ab-testing/experiments/deactivate/deactivate.route.test.ts" type="Error">
Error: No test suite found in file D:/sophra/src/app/api/nous/ab-testing/experiments/deactivate/deactivate.route.test.ts
            </failure>
        </testcase>
    </testsuite>
    <testsuite name="src/app/api/nous/learn/feedback/patterns/patterns.route.test.ts" timestamp="2025-01-07T17:58:13.631Z" hostname="sophra" tests="1" failures="1" errors="0" skipped="0" time="0">
        <testcase classname="src/app/api/nous/learn/feedback/patterns/patterns.route.test.ts" name="src/app/api/nous/learn/feedback/patterns/patterns.route.test.ts" time="0">
            <failure message="No test suite found in file D:/sophra/src/app/api/nous/learn/feedback/patterns/patterns.route.test.ts" type="Error">
Error: No test suite found in file D:/sophra/src/app/api/nous/learn/feedback/patterns/patterns.route.test.ts
            </failure>
        </testcase>
    </testsuite>
    <testsuite name="src/app/api/nous/learn/models/sync/sync.route.test.ts" timestamp="2025-01-07T17:58:13.632Z" hostname="sophra" tests="1" failures="1" errors="0" skipped="0" time="0">
        <testcase classname="src/app/api/nous/learn/models/sync/sync.route.test.ts" name="src/app/api/nous/learn/models/sync/sync.route.test.ts" time="0">
            <failure message="No test suite found in file D:/sophra/src/app/api/nous/learn/models/sync/sync.route.test.ts" type="Error">
Error: No test suite found in file D:/sophra/src/app/api/nous/learn/models/sync/sync.route.test.ts
            </failure>
        </testcase>
    </testsuite>
</testsuites>
