<?xml version="1.0" encoding="UTF-8" ?>
<testsuites name="vitest tests" tests="1" failures="1" errors="0" time="584.358">
    <testsuite name="src/app/api/nous/learn/models/sync/sync.route.test.ts" timestamp="2025-01-08T22:00:12.790Z" hostname="sophra" tests="1" failures="1" errors="0" skipped="0" time="0">
        <testcase classname="src/app/api/nous/learn/models/sync/sync.route.test.ts" name="src/app/api/nous/learn/models/sync/sync.route.test.ts" time="0">
            <failure message="No test suite found in file D:/sophra/src/app/api/nous/learn/models/sync/sync.route.test.ts" type="Error">
Error: No test suite found in file D:/sophra/src/app/api/nous/learn/models/sync/sync.route.test.ts
            </failure>
        </testcase>
    </testsuite>
</testsuites>
