<?xml version="1.0" encoding="UTF-8" ?>
<testsuites name="vitest tests" tests="2" failures="2" errors="0" time="9037.193">
    <testsuite name="src/lib/nous/config/types.test.ts" timestamp="2025-01-07T23:52:22.845Z" hostname="sophra" tests="1" failures="1" errors="0" skipped="0" time="0">
        <testcase classname="src/lib/nous/config/types.test.ts" name="src/lib/nous/config/types.test.ts" time="0">
            <failure message="No test suite found in file D:/sophra/src/lib/nous/config/types.test.ts" type="Error">
Error: No test suite found in file D:/sophra/src/lib/nous/config/types.test.ts
            </failure>
        </testcase>
    </testsuite>
    <testsuite name="src/lib/nous/config/settings.test.ts" timestamp="2025-01-07T23:52:22.854Z" hostname="sophra" tests="1" failures="1" errors="0" skipped="0" time="0">
        <testcase classname="src/lib/nous/config/settings.test.ts" name="src/lib/nous/config/settings.test.ts" time="0">
            <failure message="No test suite found in file D:/sophra/src/lib/nous/config/settings.test.ts" type="Error">
Error: No test suite found in file D:/sophra/src/lib/nous/config/settings.test.ts
            </failure>
        </testcase>
    </testsuite>
</testsuites>
