<?xml version="1.0" encoding="UTF-8" ?>
<testsuites name="vitest tests" tests="3" failures="3" errors="0" time="20.036">
    <testsuite name="src/app/api/cortex/feedback/feedback.route.additional.test.ts" timestamp="2025-01-10T11:08:02.072Z" hostname="sophra" tests="1" failures="1" errors="0" skipped="0" time="0">
        <testcase classname="src/app/api/cortex/feedback/feedback.route.additional.test.ts" name="src/app/api/cortex/feedback/feedback.route.additional.test.ts" time="0">
            <failure message="No test suite found in file D:/sophra/src/app/api/cortex/feedback/feedback.route.additional.test.ts" type="Error">
Error: No test suite found in file D:/sophra/src/app/api/cortex/feedback/feedback.route.additional.test.ts
            </failure>
        </testcase>
    </testsuite>
    <testsuite name="src/app/api/cortex/feedback/feedback.route.test.ts" timestamp="2025-01-10T11:08:02.079Z" hostname="sophra" tests="1" failures="1" errors="0" skipped="0" time="0">
        <testcase classname="src/app/api/cortex/feedback/feedback.route.test.ts" name="src/app/api/cortex/feedback/feedback.route.test.ts" time="0">
            <failure message="No test suite found in file D:/sophra/src/app/api/cortex/feedback/feedback.route.test.ts" type="Error">
Error: No test suite found in file D:/sophra/src/app/api/cortex/feedback/feedback.route.test.ts
            </failure>
        </testcase>
    </testsuite>
    <testsuite name="src/app/api/nous/learn/feedback/patterns/patterns.route.test.ts" timestamp="2025-01-10T11:08:02.085Z" hostname="sophra" tests="1" failures="1" errors="0" skipped="0" time="0">
        <testcase classname="src/app/api/nous/learn/feedback/patterns/patterns.route.test.ts" name="src/app/api/nous/learn/feedback/patterns/patterns.route.test.ts" time="0">
            <failure message="No test suite found in file D:/sophra/src/app/api/nous/learn/feedback/patterns/patterns.route.test.ts" type="Error">
Error: No test suite found in file D:/sophra/src/app/api/nous/learn/feedback/patterns/patterns.route.test.ts
            </failure>
        </testcase>
    </testsuite>
</testsuites>
