<?xml version="1.0" encoding="UTF-8" ?>
<testsuites name="vitest tests" tests="25" failures="0" errors="0" time="4.579">
    <testsuite name="src/lib/test/next-server.mock.additional.test.ts" timestamp="2025-01-09T17:27:39.756Z" hostname="sophra" tests="25" failures="0" errors="0" skipped="0" time="0.0465258">
        <testcase classname="src/lib/test/next-server.mock.additional.test.ts" name="MockResponse Additional Tests &gt; Static Methods &gt; should create JSON response" time="0.0204894">
        </testcase>
        <testcase classname="src/lib/test/next-server.mock.additional.test.ts" name="MockResponse Additional Tests &gt; Static Methods &gt; should create JSON response with custom status" time="0.0007987">
        </testcase>
        <testcase classname="src/lib/test/next-server.mock.additional.test.ts" name="MockResponse Additional Tests &gt; Static Methods &gt; should create redirect response" time="0.0004468">
        </testcase>
        <testcase classname="src/lib/test/next-server.mock.additional.test.ts" name="MockResponse Additional Tests &gt; Static Methods &gt; should create next response" time="0.000434">
        </testcase>
        <testcase classname="src/lib/test/next-server.mock.additional.test.ts" name="MockResponse Additional Tests &gt; Static Methods &gt; should create rewrite response" time="0.0003565">
        </testcase>
        <testcase classname="src/lib/test/next-server.mock.additional.test.ts" name="MockResponse Additional Tests &gt; Instance Methods &gt; should handle json method" time="0.000483">
        </testcase>
        <testcase classname="src/lib/test/next-server.mock.additional.test.ts" name="MockResponse Additional Tests &gt; Instance Methods &gt; should handle text method" time="0.000401">
        </testcase>
        <testcase classname="src/lib/test/next-server.mock.additional.test.ts" name="MockResponse Additional Tests &gt; Instance Methods &gt; should clone response" time="0.0010545">
        </testcase>
        <testcase classname="src/lib/test/next-server.mock.additional.test.ts" name="MockResponse Additional Tests &gt; Instance Methods &gt; should handle custom headers" time="0.0012011">
        </testcase>
        <testcase classname="src/lib/test/next-server.mock.additional.test.ts" name="MockRequest Additional Tests &gt; URL Handling &gt; should parse URL correctly" time="0.0017971">
        </testcase>
        <testcase classname="src/lib/test/next-server.mock.additional.test.ts" name="MockRequest Additional Tests &gt; URL Handling &gt; should handle search parameters" time="0.0005684">
        </testcase>
        <testcase classname="src/lib/test/next-server.mock.additional.test.ts" name="MockRequest Additional Tests &gt; Headers and Cookies &gt; should handle custom headers" time="0.0003018">
        </testcase>
        <testcase classname="src/lib/test/next-server.mock.additional.test.ts" name="MockRequest Additional Tests &gt; Headers and Cookies &gt; should initialize cookies from headers" time="0.0004997">
        </testcase>
        <testcase classname="src/lib/test/next-server.mock.additional.test.ts" name="MockRequest Additional Tests &gt; Body Handling &gt; should handle JSON body" time="0.0015887">
        </testcase>
        <testcase classname="src/lib/test/next-server.mock.additional.test.ts" name="MockRequest Additional Tests &gt; Body Handling &gt; should handle text body" time="0.0010132">
        </testcase>
        <testcase classname="src/lib/test/next-server.mock.additional.test.ts" name="MockRequest Additional Tests &gt; Body Handling &gt; should handle empty body" time="0.0005425">
        </testcase>
        <testcase classname="src/lib/test/next-server.mock.additional.test.ts" name="MockRequest Additional Tests &gt; Body Handling &gt; should handle streaming body" time="0.0006326">
        </testcase>
        <testcase classname="src/lib/test/next-server.mock.additional.test.ts" name="MockRequest Additional Tests &gt; Optional Properties &gt; should initialize with undefined geo" time="0.0008983">
        </testcase>
        <testcase classname="src/lib/test/next-server.mock.additional.test.ts" name="MockRequest Additional Tests &gt; Optional Properties &gt; should initialize with undefined ip" time="0.0004444">
        </testcase>
        <testcase classname="src/lib/test/next-server.mock.additional.test.ts" name="MockRequest Additional Tests &gt; Edge Cases &gt; should handle malformed URLs gracefully" time="0.0010514">
        </testcase>
        <testcase classname="src/lib/test/next-server.mock.additional.test.ts" name="MockRequest Additional Tests &gt; Edge Cases &gt; should handle invalid JSON body" time="0.0009733">
        </testcase>
        <testcase classname="src/lib/test/next-server.mock.additional.test.ts" name="MockRequest Additional Tests &gt; Edge Cases &gt; should handle multiple reads from body stream" time="0.0006056">
        </testcase>
        <testcase classname="src/lib/test/next-server.mock.additional.test.ts" name="MockRequest Additional Tests &gt; Edge Cases &gt; should handle large bodies" time="0.0015142">
        </testcase>
        <testcase classname="src/lib/test/next-server.mock.additional.test.ts" name="MockRequest Additional Tests &gt; Integration Tests &gt; should handle complete request scenario" time="0.0013506">
        </testcase>
        <testcase classname="src/lib/test/next-server.mock.additional.test.ts" name="MockRequest Additional Tests &gt; Integration Tests &gt; should handle request-response cycle" time="0.0029486">
        </testcase>
    </testsuite>
</testsuites>
