<?xml version="1.0" encoding="UTF-8" ?>
<testsuites name="vitest tests" tests="2" failures="2" errors="0" time="1866.731">
    <testsuite name="src/app/api/cortex/sessions/sessions.route.additional.test.ts" timestamp="2025-01-12T03:23:31.629Z" hostname="sophra" tests="1" failures="1" errors="0" skipped="0" time="0">
        <testcase classname="src/app/api/cortex/sessions/sessions.route.additional.test.ts" name="src/app/api/cortex/sessions/sessions.route.additional.test.ts" time="0">
            <failure message="No test suite found in file D:/workspace/sophra/src/app/api/cortex/sessions/sessions.route.additional.test.ts" type="Error">
Error: No test suite found in file D:/workspace/sophra/src/app/api/cortex/sessions/sessions.route.additional.test.ts
            </failure>
        </testcase>
    </testsuite>
    <testsuite name="src/app/api/cortex/sessions/sessions.route.test.ts" timestamp="2025-01-12T03:23:31.642Z" hostname="sophra" tests="1" failures="1" errors="0" skipped="0" time="0">
        <testcase classname="src/app/api/cortex/sessions/sessions.route.test.ts" name="src/app/api/cortex/sessions/sessions.route.test.ts" time="0">
            <failure message="No test suite found in file D:/workspace/sophra/src/app/api/cortex/sessions/sessions.route.test.ts" type="Error">
Error: No test suite found in file D:/workspace/sophra/src/app/api/cortex/sessions/sessions.route.test.ts
            </failure>
        </testcase>
    </testsuite>
</testsuites>
