<?xml version="1.0" encoding="UTF-8" ?>
<testsuites name="vitest tests" tests="9" failures="0" errors="0" time="5.849">
    <testsuite name="src/lib/nous/learn/models.test.ts" timestamp="2025-01-09T18:04:12.848Z" hostname="sophra" tests="9" failures="0" errors="0" skipped="0" time="0.0194397">
        <testcase classname="src/lib/nous/learn/models.test.ts" name="SearchOptimizationModel &gt; train &gt; should train the model successfully" time="0.0057758">
        </testcase>
        <testcase classname="src/lib/nous/learn/models.test.ts" name="SearchOptimizationModel &gt; train &gt; should throw error when no features provided" time="0.0017894">
        </testcase>
        <testcase classname="src/lib/nous/learn/models.test.ts" name="SearchOptimizationModel &gt; predict &gt; should throw error when model is not trained" time="0.0006295">
        </testcase>
        <testcase classname="src/lib/nous/learn/models.test.ts" name="SearchOptimizationModel &gt; predict &gt; should make predictions after training" time="0.0013865">
        </testcase>
        <testcase classname="src/lib/nous/learn/models.test.ts" name="SearchOptimizationModel &gt; evaluate &gt; should throw error when model is not trained" time="0.0007677">
        </testcase>
        <testcase classname="src/lib/nous/learn/models.test.ts" name="SearchOptimizationModel &gt; evaluate &gt; should calculate metrics after training" time="0.0015529">
        </testcase>
        <testcase classname="src/lib/nous/learn/models.test.ts" name="SearchOptimizationModel &gt; saveState &gt; should save model state successfully" time="0.0017913">
        </testcase>
        <testcase classname="src/lib/nous/learn/models.test.ts" name="SearchOptimizationModel &gt; loadState &gt; should load model state successfully" time="0.0024742">
        </testcase>
        <testcase classname="src/lib/nous/learn/models.test.ts" name="SearchOptimizationModel &gt; loadState &gt; should throw error when version not found" time="0.0008788">
        </testcase>
    </testsuite>
</testsuites>
