<?xml version="1.0" encoding="UTF-8" ?>
<testsuites name="vitest tests" tests="9" failures="0" errors="0" time="4.281">
    <testsuite name="src/app/api/cortex/documents/[id]/vectorize/vectorize.route.test.ts" timestamp="2025-01-09T12:27:41.999Z" hostname="sophra" tests="9" failures="0" errors="0" skipped="0" time="0.0517515">
        <testcase classname="src/app/api/cortex/documents/[id]/vectorize/vectorize.route.test.ts" name="Document vectorization endpoints &gt; GET /api/documents/[id]/vectorize &gt; should return 400 when indexId is missing" time="0.0242733">
        </testcase>
        <testcase classname="src/app/api/cortex/documents/[id]/vectorize/vectorize.route.test.ts" name="Document vectorization endpoints &gt; GET /api/documents/[id]/vectorize &gt; should return 404 when index is not found" time="0.0025407">
        </testcase>
        <testcase classname="src/app/api/cortex/documents/[id]/vectorize/vectorize.route.test.ts" name="Document vectorization endpoints &gt; GET /api/documents/[id]/vectorize &gt; should handle successful vectorization" time="0.0038997">
        </testcase>
        <testcase classname="src/app/api/cortex/documents/[id]/vectorize/vectorize.route.test.ts" name="Document vectorization endpoints &gt; GET /api/documents/[id]/vectorize &gt; should handle document fetch failure" time="0.0019562">
        </testcase>
        <testcase classname="src/app/api/cortex/documents/[id]/vectorize/vectorize.route.test.ts" name="Document vectorization endpoints &gt; GET /api/documents/[id]/vectorize &gt; should handle vectorization failure" time="0.0020119">
        </testcase>
        <testcase classname="src/app/api/cortex/documents/[id]/vectorize/vectorize.route.test.ts" name="Document vectorization endpoints &gt; PUT /api/documents/[id]/vectorize &gt; should handle missing required parameters" time="0.0032542">
        </testcase>
        <testcase classname="src/app/api/cortex/documents/[id]/vectorize/vectorize.route.test.ts" name="Document vectorization endpoints &gt; PUT /api/documents/[id]/vectorize &gt; should handle invalid JSON input" time="0.003004">
        </testcase>
        <testcase classname="src/app/api/cortex/documents/[id]/vectorize/vectorize.route.test.ts" name="Document vectorization endpoints &gt; PUT /api/documents/[id]/vectorize &gt; should handle successful document update" time="0.0034985">
        </testcase>
        <testcase classname="src/app/api/cortex/documents/[id]/vectorize/vectorize.route.test.ts" name="Document vectorization endpoints &gt; PUT /api/documents/[id]/vectorize &gt; should handle document update failure" time="0.0057731">
        </testcase>
    </testsuite>
</testsuites>
