<?xml version="1.0" encoding="UTF-8" ?>
<testsuites name="vitest tests" tests="9" failures="0" errors="0" time="13.876">
    <testsuite name="src/types/services.test.ts" timestamp="2025-01-08T11:23:29.350Z" hostname="sophra" tests="9" failures="0" errors="0" skipped="0" time="0.0162451">
        <testcase classname="src/types/services.test.ts" name="Services &gt; getUsers &gt; should fetch users successfully" time="0.0040663">
        </testcase>
        <testcase classname="src/types/services.test.ts" name="Services &gt; getUsers &gt; should handle empty users list" time="0.0012518">
        </testcase>
        <testcase classname="src/types/services.test.ts" name="Services &gt; getUsers &gt; should handle network errors" time="0.0022135">
        </testcase>
        <testcase classname="src/types/services.test.ts" name="Services &gt; createUser &gt; should create user successfully" time="0.0012686">
        </testcase>
        <testcase classname="src/types/services.test.ts" name="Services &gt; createUser &gt; should handle validation errors" time="0.0009183">
        </testcase>
        <testcase classname="src/types/services.test.ts" name="Services &gt; updateUser &gt; should update user successfully" time="0.0016356">
        </testcase>
        <testcase classname="src/types/services.test.ts" name="Services &gt; updateUser &gt; should handle non-existent user" time="0.0009991">
        </testcase>
        <testcase classname="src/types/services.test.ts" name="Services &gt; deleteUser &gt; should delete user successfully" time="0.0006302">
        </testcase>
        <testcase classname="src/types/services.test.ts" name="Services &gt; deleteUser &gt; should handle deletion of non-existent user" time="0.0012139">
        </testcase>
    </testsuite>
</testsuites>
