<?xml version="1.0" encoding="UTF-8" ?>
<testsuites name="vitest tests" tests="3" failures="0" errors="0" time="4.223">
    <testsuite name="src/app/api/cortex/documents/[id]/id.route.test.ts" timestamp="2025-01-09T12:25:18.065Z" hostname="sophra" tests="3" failures="0" errors="0" skipped="0" time="0.0319692">
        <testcase classname="src/app/api/cortex/documents/[id]/id.route.test.ts" name="Document API Routes &gt; DELETE /api/cortex/documents/[id] &gt; should delete a document successfully" time="0.0243042">
        </testcase>
        <testcase classname="src/app/api/cortex/documents/[id]/id.route.test.ts" name="Document API Routes &gt; DELETE /api/cortex/documents/[id] &gt; should handle already deleted document gracefully" time="0.0024472">
        </testcase>
        <testcase classname="src/app/api/cortex/documents/[id]/id.route.test.ts" name="Document API Routes &gt; DELETE /api/cortex/documents/[id] &gt; should handle missing parameters" time="0.0038384">
        </testcase>
    </testsuite>
</testsuites>
