<?xml version="1.0" encoding="UTF-8" ?>
<testsuites name="vitest tests" tests="13" failures="0" errors="0" time="13.391">
    <testsuite name="src/app/api/nous/signals/observe/observe.route.test.ts" timestamp="2025-01-08T01:34:48.191Z" hostname="sophra" tests="6" failures="0" errors="0" skipped="0" time="0.0326698">
        <testcase classname="src/app/api/nous/signals/observe/observe.route.test.ts" name="Signals Observe Route Handler &gt; GET /api/nous/signals/observe &gt; should fetch signal stats without filters" time="0.0220968">
        </testcase>
        <testcase classname="src/app/api/nous/signals/observe/observe.route.test.ts" name="Signals Observe Route Handler &gt; GET /api/nous/signals/observe &gt; should handle filtering by source and type" time="0.0025601">
        </testcase>
        <testcase classname="src/app/api/nous/signals/observe/observe.route.test.ts" name="Signals Observe Route Handler &gt; GET /api/nous/signals/observe &gt; should handle database errors gracefully" time="0.0006527">
        </testcase>
        <testcase classname="src/app/api/nous/signals/observe/observe.route.test.ts" name="Signals Observe Route Handler &gt; POST /api/nous/signals/observe &gt; should fetch detailed signal stats with valid query" time="0.0034856">
        </testcase>
        <testcase classname="src/app/api/nous/signals/observe/observe.route.test.ts" name="Signals Observe Route Handler &gt; POST /api/nous/signals/observe &gt; should reject invalid query format" time="0.0015338">
        </testcase>
        <testcase classname="src/app/api/nous/signals/observe/observe.route.test.ts" name="Signals Observe Route Handler &gt; POST /api/nous/signals/observe &gt; should handle database errors gracefully" time="0.0008065">
        </testcase>
    </testsuite>
    <testsuite name="src/app/api/nous/signals/process/process.route.test.ts" timestamp="2025-01-08T01:34:48.196Z" hostname="sophra" tests="7" failures="0" errors="0" skipped="0" time="0.0421528">
        <testcase classname="src/app/api/nous/signals/process/process.route.test.ts" name="Signals Process Route Handler &gt; GET /api/nous/signals/process &gt; should fetch pending signals with default parameters" time="0.0239075">
        </testcase>
        <testcase classname="src/app/api/nous/signals/process/process.route.test.ts" name="Signals Process Route Handler &gt; GET /api/nous/signals/process &gt; should handle specific status filtering" time="0.0011501">
        </testcase>
        <testcase classname="src/app/api/nous/signals/process/process.route.test.ts" name="Signals Process Route Handler &gt; GET /api/nous/signals/process &gt; should handle database errors gracefully" time="0.0006299">
        </testcase>
        <testcase classname="src/app/api/nous/signals/process/process.route.test.ts" name="Signals Process Route Handler &gt; POST /api/nous/signals/process &gt; should update signal processing status with valid data" time="0.0034116">
        </testcase>
        <testcase classname="src/app/api/nous/signals/process/process.route.test.ts" name="Signals Process Route Handler &gt; POST /api/nous/signals/process &gt; should reject invalid update format" time="0.0014622">
        </testcase>
        <testcase classname="src/app/api/nous/signals/process/process.route.test.ts" name="Signals Process Route Handler &gt; POST /api/nous/signals/process &gt; should handle processing errors gracefully" time="0.0057655">
        </testcase>
        <testcase classname="src/app/api/nous/signals/process/process.route.test.ts" name="Signals Process Route Handler &gt; POST /api/nous/signals/process &gt; should handle complex metadata updates" time="0.0043677">
        </testcase>
    </testsuite>
</testsuites>
