<?xml version="1.0" encoding="UTF-8" ?>
<testsuites name="vitest tests" tests="13" failures="0" errors="0" time="4.515">
    <testsuite name="src/app/api/nous/health/health.route.additional.test.ts" timestamp="2025-01-09T11:55:29.441Z" hostname="sophra" tests="13" failures="0" errors="0" skipped="0" time="0.043634">
        <testcase classname="src/app/api/nous/health/health.route.additional.test.ts" name="Health Route Additional Tests &gt; Configuration &gt; should use Node.js runtime" time="0.0053751">
        </testcase>
        <testcase classname="src/app/api/nous/health/health.route.additional.test.ts" name="Health Route Additional Tests &gt; GET Endpoint &gt; should return successful health check response" time="0.0081174">
        </testcase>
        <testcase classname="src/app/api/nous/health/health.route.additional.test.ts" name="Health Route Additional Tests &gt; GET Endpoint &gt; should handle OpenAI connection failure" time="0.0041632">
        </testcase>
        <testcase classname="src/app/api/nous/health/health.route.additional.test.ts" name="Health Route Additional Tests &gt; GET Endpoint &gt; should handle missing OpenAI API key" time="0.0019102">
        </testcase>
        <testcase classname="src/app/api/nous/health/health.route.additional.test.ts" name="Health Route Additional Tests &gt; GET Endpoint &gt; should handle missing package version" time="0.0022944">
        </testcase>
        <testcase classname="src/app/api/nous/health/health.route.additional.test.ts" name="Health Route Additional Tests &gt; GET Endpoint &gt; should include ISO timestamp" time="0.0022811">
        </testcase>
        <testcase classname="src/app/api/nous/health/health.route.additional.test.ts" name="Health Route Additional Tests &gt; Error Handling &gt; should handle schema validation errors" time="0.0023731">
        </testcase>
        <testcase classname="src/app/api/nous/health/health.route.additional.test.ts" name="Health Route Additional Tests &gt; Error Handling &gt; should handle unexpected errors" time="0.0022996">
        </testcase>
        <testcase classname="src/app/api/nous/health/health.route.additional.test.ts" name="Health Route Additional Tests &gt; Error Handling &gt; should handle non-Error objects" time="0.0018669">
        </testcase>
        <testcase classname="src/app/api/nous/health/health.route.additional.test.ts" name="Health Route Additional Tests &gt; Response Format &gt; should set correct content type" time="0.0020242">
        </testcase>
        <testcase classname="src/app/api/nous/health/health.route.additional.test.ts" name="Health Route Additional Tests &gt; Response Format &gt; should be JSON parseable" time="0.0029462">
        </testcase>
        <testcase classname="src/app/api/nous/health/health.route.additional.test.ts" name="Health Route Additional Tests &gt; Response Format &gt; should limit available models to 5" time="0.0030893">
        </testcase>
        <testcase classname="src/app/api/nous/health/health.route.additional.test.ts" name="Health Route Additional Tests &gt; Response Format &gt; should handle empty models list" time="0.0028386">
        </testcase>
    </testsuite>
</testsuites>
