<?xml version="1.0" encoding="UTF-8" ?>
<testsuites name="vitest tests" tests="1" failures="1" errors="0" time="8841.153">
    <testsuite name="src/lib/nous/registry/store.test.ts" timestamp="2025-01-07T23:49:06.805Z" hostname="sophra" tests="1" failures="1" errors="0" skipped="0" time="0">
        <testcase classname="src/lib/nous/registry/store.test.ts" name="src/lib/nous/registry/store.test.ts" time="0">
            <failure message="No test suite found in file D:/sophra/src/lib/nous/registry/store.test.ts" type="Error">
Error: No test suite found in file D:/sophra/src/lib/nous/registry/store.test.ts
            </failure>
        </testcase>
    </testsuite>
</testsuites>
