<?xml version="1.0" encoding="UTF-8" ?>
<testsuites name="vitest tests" tests="146" failures="146" errors="0" time="18.566">
    <testsuite name="src/types/services.test.ts" timestamp="2025-01-12T02:52:43.560Z" hostname="sophra" tests="1" failures="1" errors="0" skipped="0" time="0">
        <testcase classname="src/types/services.test.ts" name="src/types/services.test.ts" time="0">
            <failure message="No test suite found in file D:/workspace/sophra/src/types/services.test.ts" type="Error">
Error: No test suite found in file D:/workspace/sophra/src/types/services.test.ts
            </failure>
        </testcase>
    </testsuite>
    <testsuite name="src/app/api/api.admin.middleware.test.ts" timestamp="2025-01-12T02:52:43.576Z" hostname="sophra" tests="1" failures="1" errors="0" skipped="0" time="0">
        <testcase classname="src/app/api/api.admin.middleware.test.ts" name="src/app/api/api.admin.middleware.test.ts" time="0">
            <failure message="No test suite found in file D:/workspace/sophra/src/app/api/api.admin.middleware.test.ts" type="Error">
Error: No test suite found in file D:/workspace/sophra/src/app/api/api.admin.middleware.test.ts
            </failure>
        </testcase>
    </testsuite>
    <testsuite name="src/app/health/health.route.test.ts" timestamp="2025-01-12T02:52:43.591Z" hostname="sophra" tests="1" failures="1" errors="0" skipped="0" time="0">
        <testcase classname="src/app/health/health.route.test.ts" name="src/app/health/health.route.test.ts" time="0">
            <failure message="No test suite found in file D:/workspace/sophra/src/app/health/health.route.test.ts" type="Error">
Error: No test suite found in file D:/workspace/sophra/src/app/health/health.route.test.ts
            </failure>
        </testcase>
    </testsuite>
    <testsuite name="src/lib/test/next-server.mock.additional.test.ts" timestamp="2025-01-12T02:52:43.607Z" hostname="sophra" tests="1" failures="1" errors="0" skipped="0" time="0">
        <testcase classname="src/lib/test/next-server.mock.additional.test.ts" name="src/lib/test/next-server.mock.additional.test.ts" time="0">
            <failure message="No test suite found in file D:/workspace/sophra/src/lib/test/next-server.mock.additional.test.ts" type="Error">
Error: No test suite found in file D:/workspace/sophra/src/lib/test/next-server.mock.additional.test.ts
            </failure>
        </testcase>
    </testsuite>
    <testsuite name="src/lib/test/next-server.mock.test.ts" timestamp="2025-01-12T02:52:43.623Z" hostname="sophra" tests="1" failures="1" errors="0" skipped="0" time="0">
        <testcase classname="src/lib/test/next-server.mock.test.ts" name="src/lib/test/next-server.mock.test.ts" time="0">
            <failure message="No test suite found in file D:/workspace/sophra/src/lib/test/next-server.mock.test.ts" type="Error">
Error: No test suite found in file D:/workspace/sophra/src/lib/test/next-server.mock.test.ts
            </failure>
        </testcase>
    </testsuite>
    <testsuite name="src/app/api/admin/permissions.test.ts" timestamp="2025-01-12T02:52:43.638Z" hostname="sophra" tests="1" failures="1" errors="0" skipped="0" time="0">
        <testcase classname="src/app/api/admin/permissions.test.ts" name="src/app/api/admin/permissions.test.ts" time="0">
            <failure message="No test suite found in file D:/workspace/sophra/src/app/api/admin/permissions.test.ts" type="Error">
Error: No test suite found in file D:/workspace/sophra/src/app/api/admin/permissions.test.ts
            </failure>
        </testcase>
    </testsuite>
    <testsuite name="src/app/api/cortex/api.cortex.types.test.ts" timestamp="2025-01-12T02:52:43.658Z" hostname="sophra" tests="1" failures="1" errors="0" skipped="0" time="0">
        <testcase classname="src/app/api/cortex/api.cortex.types.test.ts" name="src/app/api/cortex/api.cortex.types.test.ts" time="0">
            <failure message="No test suite found in file D:/workspace/sophra/src/app/api/cortex/api.cortex.types.test.ts" type="Error">
Error: No test suite found in file D:/workspace/sophra/src/app/api/cortex/api.cortex.types.test.ts
            </failure>
        </testcase>
    </testsuite>
    <testsuite name="src/app/api/cortex/route.additional.test.ts" timestamp="2025-01-12T02:52:43.672Z" hostname="sophra" tests="1" failures="1" errors="0" skipped="0" time="0">
        <testcase classname="src/app/api/cortex/route.additional.test.ts" name="src/app/api/cortex/route.additional.test.ts" time="0">
            <failure message="No test suite found in file D:/workspace/sophra/src/app/api/cortex/route.additional.test.ts" type="Error">
Error: No test suite found in file D:/workspace/sophra/src/app/api/cortex/route.additional.test.ts
            </failure>
        </testcase>
    </testsuite>
    <testsuite name="src/app/api/health/health.route.additional.test.ts" timestamp="2025-01-12T02:52:43.688Z" hostname="sophra" tests="1" failures="1" errors="0" skipped="0" time="0">
        <testcase classname="src/app/api/health/health.route.additional.test.ts" name="src/app/api/health/health.route.additional.test.ts" time="0">
            <failure message="No test suite found in file D:/workspace/sophra/src/app/api/health/health.route.additional.test.ts" type="Error">
Error: No test suite found in file D:/workspace/sophra/src/app/api/health/health.route.additional.test.ts
            </failure>
        </testcase>
    </testsuite>
    <testsuite name="src/app/api/keys/admin.middleware.test.ts" timestamp="2025-01-12T02:52:43.703Z" hostname="sophra" tests="1" failures="1" errors="0" skipped="0" time="0">
        <testcase classname="src/app/api/keys/admin.middleware.test.ts" name="src/app/api/keys/admin.middleware.test.ts" time="0">
            <failure message="No test suite found in file D:/workspace/sophra/src/app/api/keys/admin.middleware.test.ts" type="Error">
Error: No test suite found in file D:/workspace/sophra/src/app/api/keys/admin.middleware.test.ts
            </failure>
        </testcase>
    </testsuite>
    <testsuite name="src/app/api/keys/keys.route.test.ts" timestamp="2025-01-12T02:52:43.718Z" hostname="sophra" tests="1" failures="1" errors="0" skipped="0" time="0">
        <testcase classname="src/app/api/keys/keys.route.test.ts" name="src/app/api/keys/keys.route.test.ts" time="0">
            <failure message="No test suite found in file D:/workspace/sophra/src/app/api/keys/keys.route.test.ts" type="Error">
Error: No test suite found in file D:/workspace/sophra/src/app/api/keys/keys.route.test.ts
            </failure>
        </testcase>
    </testsuite>
    <testsuite name="src/lib/cortex/analytics/service.test.ts" timestamp="2025-01-12T02:52:43.733Z" hostname="sophra" tests="1" failures="1" errors="0" skipped="0" time="0">
        <testcase classname="src/lib/cortex/analytics/service.test.ts" name="src/lib/cortex/analytics/service.test.ts" time="0">
            <failure message="No test suite found in file D:/workspace/sophra/src/lib/cortex/analytics/service.test.ts" type="Error">
Error: No test suite found in file D:/workspace/sophra/src/lib/cortex/analytics/service.test.ts
            </failure>
        </testcase>
    </testsuite>
    <testsuite name="src/lib/cortex/ab-testing/services.test.ts" timestamp="2025-01-12T02:52:43.747Z" hostname="sophra" tests="1" failures="1" errors="0" skipped="0" time="0">
        <testcase classname="src/lib/cortex/ab-testing/services.test.ts" name="src/lib/cortex/ab-testing/services.test.ts" time="0">
            <failure message="No test suite found in file D:/workspace/sophra/src/lib/cortex/ab-testing/services.test.ts" type="Error">
Error: No test suite found in file D:/workspace/sophra/src/lib/cortex/ab-testing/services.test.ts
            </failure>
        </testcase>
    </testsuite>
    <testsuite name="src/lib/cortex/core/client.test.ts" timestamp="2025-01-12T02:52:43.761Z" hostname="sophra" tests="1" failures="1" errors="0" skipped="0" time="0">
        <testcase classname="src/lib/cortex/core/client.test.ts" name="src/lib/cortex/core/client.test.ts" time="0">
            <failure message="No test suite found in file D:/workspace/sophra/src/lib/cortex/core/client.test.ts" type="Error">
Error: No test suite found in file D:/workspace/sophra/src/lib/cortex/core/client.test.ts
            </failure>
        </testcase>
    </testsuite>
    <testsuite name="src/lib/cortex/core/services.test.ts" timestamp="2025-01-12T02:52:43.775Z" hostname="sophra" tests="1" failures="1" errors="0" skipped="0" time="0">
        <testcase classname="src/lib/cortex/core/services.test.ts" name="src/lib/cortex/core/services.test.ts" time="0">
            <failure message="No test suite found in file D:/workspace/sophra/src/lib/cortex/core/services.test.ts" type="Error">
Error: No test suite found in file D:/workspace/sophra/src/lib/cortex/core/services.test.ts
            </failure>
        </testcase>
    </testsuite>
    <testsuite name="src/lib/cortex/core/sync-service.test.ts" timestamp="2025-01-12T02:52:43.789Z" hostname="sophra" tests="1" failures="1" errors="0" skipped="0" time="0">
        <testcase classname="src/lib/cortex/core/sync-service.test.ts" name="src/lib/cortex/core/sync-service.test.ts" time="0">
            <failure message="No test suite found in file D:/workspace/sophra/src/lib/cortex/core/sync-service.test.ts" type="Error">
Error: No test suite found in file D:/workspace/sophra/src/lib/cortex/core/sync-service.test.ts
            </failure>
        </testcase>
    </testsuite>
    <testsuite name="src/lib/cortex/core/validation-service.test.ts" timestamp="2025-01-12T02:52:43.802Z" hostname="sophra" tests="1" failures="1" errors="0" skipped="0" time="0">
        <testcase classname="src/lib/cortex/core/validation-service.test.ts" name="src/lib/cortex/core/validation-service.test.ts" time="0">
            <failure message="No test suite found in file D:/workspace/sophra/src/lib/cortex/core/validation-service.test.ts" type="Error">
Error: No test suite found in file D:/workspace/sophra/src/lib/cortex/core/validation-service.test.ts
            </failure>
        </testcase>
    </testsuite>
    <testsuite name="src/lib/cortex/documents/service.test.ts" timestamp="2025-01-12T02:52:43.813Z" hostname="sophra" tests="1" failures="1" errors="0" skipped="0" time="0">
        <testcase classname="src/lib/cortex/documents/service.test.ts" name="src/lib/cortex/documents/service.test.ts" time="0">
            <failure message="No test suite found in file D:/workspace/sophra/src/lib/cortex/documents/service.test.ts" type="Error">
Error: No test suite found in file D:/workspace/sophra/src/lib/cortex/documents/service.test.ts
            </failure>
        </testcase>
    </testsuite>
    <testsuite name="src/lib/cortex/elasticsearch/client.test.ts" timestamp="2025-01-12T02:52:43.826Z" hostname="sophra" tests="1" failures="1" errors="0" skipped="0" time="0">
        <testcase classname="src/lib/cortex/elasticsearch/client.test.ts" name="src/lib/cortex/elasticsearch/client.test.ts" time="0">
            <failure message="No test suite found in file D:/workspace/sophra/src/lib/cortex/elasticsearch/client.test.ts" type="Error">
Error: No test suite found in file D:/workspace/sophra/src/lib/cortex/elasticsearch/client.test.ts
            </failure>
        </testcase>
    </testsuite>
    <testsuite name="src/lib/cortex/elasticsearch/core.test.ts" timestamp="2025-01-12T02:52:43.839Z" hostname="sophra" tests="1" failures="1" errors="0" skipped="0" time="0">
        <testcase classname="src/lib/cortex/elasticsearch/core.test.ts" name="src/lib/cortex/elasticsearch/core.test.ts" time="0">
            <failure message="No test suite found in file D:/workspace/sophra/src/lib/cortex/elasticsearch/core.test.ts" type="Error">
Error: No test suite found in file D:/workspace/sophra/src/lib/cortex/elasticsearch/core.test.ts
            </failure>
        </testcase>
    </testsuite>
    <testsuite name="src/lib/cortex/elasticsearch/init.test.ts" timestamp="2025-01-12T02:52:43.854Z" hostname="sophra" tests="1" failures="1" errors="0" skipped="0" time="0">
        <testcase classname="src/lib/cortex/elasticsearch/init.test.ts" name="src/lib/cortex/elasticsearch/init.test.ts" time="0">
            <failure message="No test suite found in file D:/workspace/sophra/src/lib/cortex/elasticsearch/init.test.ts" type="Error">
Error: No test suite found in file D:/workspace/sophra/src/lib/cortex/elasticsearch/init.test.ts
            </failure>
        </testcase>
    </testsuite>
    <testsuite name="src/lib/cortex/elasticsearch/mappings.test.ts" timestamp="2025-01-12T02:52:43.867Z" hostname="sophra" tests="1" failures="1" errors="0" skipped="0" time="0">
        <testcase classname="src/lib/cortex/elasticsearch/mappings.test.ts" name="src/lib/cortex/elasticsearch/mappings.test.ts" time="0">
            <failure message="No test suite found in file D:/workspace/sophra/src/lib/cortex/elasticsearch/mappings.test.ts" type="Error">
Error: No test suite found in file D:/workspace/sophra/src/lib/cortex/elasticsearch/mappings.test.ts
            </failure>
        </testcase>
    </testsuite>
    <testsuite name="src/lib/cortex/elasticsearch/query-builders.test.ts" timestamp="2025-01-12T02:52:43.881Z" hostname="sophra" tests="1" failures="1" errors="0" skipped="0" time="0">
        <testcase classname="src/lib/cortex/elasticsearch/query-builders.test.ts" name="src/lib/cortex/elasticsearch/query-builders.test.ts" time="0">
            <failure message="No test suite found in file D:/workspace/sophra/src/lib/cortex/elasticsearch/query-builders.test.ts" type="Error">
Error: No test suite found in file D:/workspace/sophra/src/lib/cortex/elasticsearch/query-builders.test.ts
            </failure>
        </testcase>
    </testsuite>
    <testsuite name="src/lib/cortex/elasticsearch/services.test.ts" timestamp="2025-01-12T02:52:43.895Z" hostname="sophra" tests="1" failures="1" errors="0" skipped="0" time="0">
        <testcase classname="src/lib/cortex/elasticsearch/services.test.ts" name="src/lib/cortex/elasticsearch/services.test.ts" time="0">
            <failure message="No test suite found in file D:/workspace/sophra/src/lib/cortex/elasticsearch/services.test.ts" type="Error">
Error: No test suite found in file D:/workspace/sophra/src/lib/cortex/elasticsearch/services.test.ts
            </failure>
        </testcase>
    </testsuite>
    <testsuite name="src/lib/cortex/events/emitter.test.ts" timestamp="2025-01-12T02:52:43.909Z" hostname="sophra" tests="1" failures="1" errors="0" skipped="0" time="0">
        <testcase classname="src/lib/cortex/events/emitter.test.ts" name="src/lib/cortex/events/emitter.test.ts" time="0">
            <failure message="No test suite found in file D:/workspace/sophra/src/lib/cortex/events/emitter.test.ts" type="Error">
Error: No test suite found in file D:/workspace/sophra/src/lib/cortex/events/emitter.test.ts
            </failure>
        </testcase>
    </testsuite>
    <testsuite name="src/lib/cortex/feedback/ab-testing.additional.test.ts" timestamp="2025-01-12T02:52:43.923Z" hostname="sophra" tests="1" failures="1" errors="0" skipped="0" time="0">
        <testcase classname="src/lib/cortex/feedback/ab-testing.additional.test.ts" name="src/lib/cortex/feedback/ab-testing.additional.test.ts" time="0">
            <failure message="No test suite found in file D:/workspace/sophra/src/lib/cortex/feedback/ab-testing.additional.test.ts" type="Error">
Error: No test suite found in file D:/workspace/sophra/src/lib/cortex/feedback/ab-testing.additional.test.ts
            </failure>
        </testcase>
    </testsuite>
    <testsuite name="src/lib/cortex/feedback/automated-processor.additional.test.ts" timestamp="2025-01-12T02:52:43.936Z" hostname="sophra" tests="1" failures="1" errors="0" skipped="0" time="0">
        <testcase classname="src/lib/cortex/feedback/automated-processor.additional.test.ts" name="src/lib/cortex/feedback/automated-processor.additional.test.ts" time="0">
            <failure message="No test suite found in file D:/workspace/sophra/src/lib/cortex/feedback/automated-processor.additional.test.ts" type="Error">
Error: No test suite found in file D:/workspace/sophra/src/lib/cortex/feedback/automated-processor.additional.test.ts
            </failure>
        </testcase>
    </testsuite>
    <testsuite name="src/lib/cortex/feedback/service.additional.test.ts" timestamp="2025-01-12T02:52:43.950Z" hostname="sophra" tests="1" failures="1" errors="0" skipped="0" time="0">
        <testcase classname="src/lib/cortex/feedback/service.additional.test.ts" name="src/lib/cortex/feedback/service.additional.test.ts" time="0">
            <failure message="No test suite found in file D:/workspace/sophra/src/lib/cortex/feedback/service.additional.test.ts" type="Error">
Error: No test suite found in file D:/workspace/sophra/src/lib/cortex/feedback/service.additional.test.ts
            </failure>
        </testcase>
    </testsuite>
    <testsuite name="src/lib/cortex/feedback/service.test.ts" timestamp="2025-01-12T02:52:43.965Z" hostname="sophra" tests="1" failures="1" errors="0" skipped="0" time="0">
        <testcase classname="src/lib/cortex/feedback/service.test.ts" name="src/lib/cortex/feedback/service.test.ts" time="0">
            <failure message="No test suite found in file D:/workspace/sophra/src/lib/cortex/feedback/service.test.ts" type="Error">
Error: No test suite found in file D:/workspace/sophra/src/lib/cortex/feedback/service.test.ts
            </failure>
        </testcase>
    </testsuite>
    <testsuite name="src/lib/cortex/middleware/auth.test.ts" timestamp="2025-01-12T02:52:43.978Z" hostname="sophra" tests="1" failures="1" errors="0" skipped="0" time="0">
        <testcase classname="src/lib/cortex/middleware/auth.test.ts" name="src/lib/cortex/middleware/auth.test.ts" time="0">
            <failure message="No test suite found in file D:/workspace/sophra/src/lib/cortex/middleware/auth.test.ts" type="Error">
Error: No test suite found in file D:/workspace/sophra/src/lib/cortex/middleware/auth.test.ts
            </failure>
        </testcase>
    </testsuite>
    <testsuite name="src/lib/cortex/monitoring/metrics.test.ts" timestamp="2025-01-12T02:52:43.992Z" hostname="sophra" tests="1" failures="1" errors="0" skipped="0" time="0">
        <testcase classname="src/lib/cortex/monitoring/metrics.test.ts" name="src/lib/cortex/monitoring/metrics.test.ts" time="0">
            <failure message="No test suite found in file D:/workspace/sophra/src/lib/cortex/monitoring/metrics.test.ts" type="Error">
Error: No test suite found in file D:/workspace/sophra/src/lib/cortex/monitoring/metrics.test.ts
            </failure>
        </testcase>
    </testsuite>
    <testsuite name="src/lib/cortex/postgres/services.test.ts" timestamp="2025-01-12T02:52:44.007Z" hostname="sophra" tests="1" failures="1" errors="0" skipped="0" time="0">
        <testcase classname="src/lib/cortex/postgres/services.test.ts" name="src/lib/cortex/postgres/services.test.ts" time="0">
            <failure message="No test suite found in file D:/workspace/sophra/src/lib/cortex/postgres/services.test.ts" type="Error">
Error: No test suite found in file D:/workspace/sophra/src/lib/cortex/postgres/services.test.ts
            </failure>
        </testcase>
    </testsuite>
    <testsuite name="src/lib/cortex/redis/client.test.ts" timestamp="2025-01-12T02:52:44.020Z" hostname="sophra" tests="1" failures="1" errors="0" skipped="0" time="0">
        <testcase classname="src/lib/cortex/redis/client.test.ts" name="src/lib/cortex/redis/client.test.ts" time="0">
            <failure message="No test suite found in file D:/workspace/sophra/src/lib/cortex/redis/client.test.ts" type="Error">
Error: No test suite found in file D:/workspace/sophra/src/lib/cortex/redis/client.test.ts
            </failure>
        </testcase>
    </testsuite>
    <testsuite name="src/lib/cortex/redis/services.test.ts" timestamp="2025-01-12T02:52:44.033Z" hostname="sophra" tests="1" failures="1" errors="0" skipped="0" time="0">
        <testcase classname="src/lib/cortex/redis/services.test.ts" name="src/lib/cortex/redis/services.test.ts" time="0">
            <failure message="No test suite found in file D:/workspace/sophra/src/lib/cortex/redis/services.test.ts" type="Error">
Error: No test suite found in file D:/workspace/sophra/src/lib/cortex/redis/services.test.ts
            </failure>
        </testcase>
    </testsuite>
    <testsuite name="src/lib/cortex/reporting/alert-thresholds.test.ts" timestamp="2025-01-12T02:52:44.047Z" hostname="sophra" tests="1" failures="1" errors="0" skipped="0" time="0">
        <testcase classname="src/lib/cortex/reporting/alert-thresholds.test.ts" name="src/lib/cortex/reporting/alert-thresholds.test.ts" time="0">
            <failure message="No test suite found in file D:/workspace/sophra/src/lib/cortex/reporting/alert-thresholds.test.ts" type="Error">
Error: No test suite found in file D:/workspace/sophra/src/lib/cortex/reporting/alert-thresholds.test.ts
            </failure>
        </testcase>
    </testsuite>
    <testsuite name="src/lib/cortex/reporting/distribution.test.ts" timestamp="2025-01-12T02:52:44.060Z" hostname="sophra" tests="1" failures="1" errors="0" skipped="0" time="0">
        <testcase classname="src/lib/cortex/reporting/distribution.test.ts" name="src/lib/cortex/reporting/distribution.test.ts" time="0">
            <failure message="No test suite found in file D:/workspace/sophra/src/lib/cortex/reporting/distribution.test.ts" type="Error">
Error: No test suite found in file D:/workspace/sophra/src/lib/cortex/reporting/distribution.test.ts
            </failure>
        </testcase>
    </testsuite>
    <testsuite name="src/lib/cortex/reporting/recommendations.test.ts" timestamp="2025-01-12T02:52:44.075Z" hostname="sophra" tests="1" failures="1" errors="0" skipped="0" time="0">
        <testcase classname="src/lib/cortex/reporting/recommendations.test.ts" name="src/lib/cortex/reporting/recommendations.test.ts" time="0">
            <failure message="No test suite found in file D:/workspace/sophra/src/lib/cortex/reporting/recommendations.test.ts" type="Error">
Error: No test suite found in file D:/workspace/sophra/src/lib/cortex/reporting/recommendations.test.ts
            </failure>
        </testcase>
    </testsuite>
    <testsuite name="src/lib/cortex/reporting/service.test.ts" timestamp="2025-01-12T02:52:44.088Z" hostname="sophra" tests="1" failures="1" errors="0" skipped="0" time="0">
        <testcase classname="src/lib/cortex/reporting/service.test.ts" name="src/lib/cortex/reporting/service.test.ts" time="0">
            <failure message="No test suite found in file D:/workspace/sophra/src/lib/cortex/reporting/service.test.ts" type="Error">
Error: No test suite found in file D:/workspace/sophra/src/lib/cortex/reporting/service.test.ts
            </failure>
        </testcase>
    </testsuite>
    <testsuite name="src/lib/cortex/services/vectorization.additional.test.ts" timestamp="2025-01-12T02:52:44.101Z" hostname="sophra" tests="1" failures="1" errors="0" skipped="0" time="0">
        <testcase classname="src/lib/cortex/services/vectorization.additional.test.ts" name="src/lib/cortex/services/vectorization.additional.test.ts" time="0">
            <failure message="No test suite found in file D:/workspace/sophra/src/lib/cortex/services/vectorization.additional.test.ts" type="Error">
Error: No test suite found in file D:/workspace/sophra/src/lib/cortex/services/vectorization.additional.test.ts
            </failure>
        </testcase>
    </testsuite>
    <testsuite name="src/lib/cortex/services/vectorization.test.ts" timestamp="2025-01-12T02:52:44.115Z" hostname="sophra" tests="1" failures="1" errors="0" skipped="0" time="0">
        <testcase classname="src/lib/cortex/services/vectorization.test.ts" name="src/lib/cortex/services/vectorization.test.ts" time="0">
            <failure message="No test suite found in file D:/workspace/sophra/src/lib/cortex/services/vectorization.test.ts" type="Error">
Error: No test suite found in file D:/workspace/sophra/src/lib/cortex/services/vectorization.test.ts
            </failure>
        </testcase>
    </testsuite>
    <testsuite name="src/lib/cortex/sessions/service.test.ts" timestamp="2025-01-12T02:52:44.129Z" hostname="sophra" tests="1" failures="1" errors="0" skipped="0" time="0">
        <testcase classname="src/lib/cortex/sessions/service.test.ts" name="src/lib/cortex/sessions/service.test.ts" time="0">
            <failure message="No test suite found in file D:/workspace/sophra/src/lib/cortex/sessions/service.test.ts" type="Error">
Error: No test suite found in file D:/workspace/sophra/src/lib/cortex/sessions/service.test.ts
            </failure>
        </testcase>
    </testsuite>
    <testsuite name="src/lib/cortex/types/api.types.test.ts" timestamp="2025-01-12T02:52:44.143Z" hostname="sophra" tests="1" failures="1" errors="0" skipped="0" time="0">
        <testcase classname="src/lib/cortex/types/api.types.test.ts" name="src/lib/cortex/types/api.types.test.ts" time="0">
            <failure message="No test suite found in file D:/workspace/sophra/src/lib/cortex/types/api.types.test.ts" type="Error">
Error: No test suite found in file D:/workspace/sophra/src/lib/cortex/types/api.types.test.ts
            </failure>
        </testcase>
    </testsuite>
    <testsuite name="src/lib/cortex/types/search.types.test.ts" timestamp="2025-01-12T02:52:44.158Z" hostname="sophra" tests="1" failures="1" errors="0" skipped="0" time="0">
        <testcase classname="src/lib/cortex/types/search.types.test.ts" name="src/lib/cortex/types/search.types.test.ts" time="0">
            <failure message="No test suite found in file D:/workspace/sophra/src/lib/cortex/types/search.types.test.ts" type="Error">
Error: No test suite found in file D:/workspace/sophra/src/lib/cortex/types/search.types.test.ts
            </failure>
        </testcase>
    </testsuite>
    <testsuite name="src/lib/cortex/types/services.types.test.ts" timestamp="2025-01-12T02:52:44.172Z" hostname="sophra" tests="1" failures="1" errors="0" skipped="0" time="0">
        <testcase classname="src/lib/cortex/types/services.types.test.ts" name="src/lib/cortex/types/services.types.test.ts" time="0">
            <failure message="No test suite found in file D:/workspace/sophra/src/lib/cortex/types/services.types.test.ts" type="Error">
Error: No test suite found in file D:/workspace/sophra/src/lib/cortex/types/services.types.test.ts
            </failure>
        </testcase>
    </testsuite>
    <testsuite name="src/lib/cortex/types/session.types.test.ts" timestamp="2025-01-12T02:52:44.185Z" hostname="sophra" tests="1" failures="1" errors="0" skipped="0" time="0">
        <testcase classname="src/lib/cortex/types/session.types.test.ts" name="src/lib/cortex/types/session.types.test.ts" time="0">
            <failure message="No test suite found in file D:/workspace/sophra/src/lib/cortex/types/session.types.test.ts" type="Error">
Error: No test suite found in file D:/workspace/sophra/src/lib/cortex/types/session.types.test.ts
            </failure>
        </testcase>
    </testsuite>
    <testsuite name="src/lib/cortex/utils/circuit-breaker.test.ts" timestamp="2025-01-12T02:52:44.199Z" hostname="sophra" tests="1" failures="1" errors="0" skipped="0" time="0">
        <testcase classname="src/lib/cortex/utils/circuit-breaker.test.ts" name="src/lib/cortex/utils/circuit-breaker.test.ts" time="0">
            <failure message="No test suite found in file D:/workspace/sophra/src/lib/cortex/utils/circuit-breaker.test.ts" type="Error">
Error: No test suite found in file D:/workspace/sophra/src/lib/cortex/utils/circuit-breaker.test.ts
            </failure>
        </testcase>
    </testsuite>
    <testsuite name="src/lib/cortex/utils/rate-limit.test.ts" timestamp="2025-01-12T02:52:44.213Z" hostname="sophra" tests="1" failures="1" errors="0" skipped="0" time="0">
        <testcase classname="src/lib/cortex/utils/rate-limit.test.ts" name="src/lib/cortex/utils/rate-limit.test.ts" time="0">
            <failure message="No test suite found in file D:/workspace/sophra/src/lib/cortex/utils/rate-limit.test.ts" type="Error">
Error: No test suite found in file D:/workspace/sophra/src/lib/cortex/utils/rate-limit.test.ts
            </failure>
        </testcase>
    </testsuite>
    <testsuite name="src/lib/cortex/utils/request-queue.test.ts" timestamp="2025-01-12T02:52:44.227Z" hostname="sophra" tests="1" failures="1" errors="0" skipped="0" time="0">
        <testcase classname="src/lib/cortex/utils/request-queue.test.ts" name="src/lib/cortex/utils/request-queue.test.ts" time="0">
            <failure message="No test suite found in file D:/workspace/sophra/src/lib/cortex/utils/request-queue.test.ts" type="Error">
Error: No test suite found in file D:/workspace/sophra/src/lib/cortex/utils/request-queue.test.ts
            </failure>
        </testcase>
    </testsuite>
    <testsuite name="src/lib/cortex/utils/service-manager.additional.test.ts" timestamp="2025-01-12T02:52:44.241Z" hostname="sophra" tests="1" failures="1" errors="0" skipped="0" time="0">
        <testcase classname="src/lib/cortex/utils/service-manager.additional.test.ts" name="src/lib/cortex/utils/service-manager.additional.test.ts" time="0">
            <failure message="No test suite found in file D:/workspace/sophra/src/lib/cortex/utils/service-manager.additional.test.ts" type="Error">
Error: No test suite found in file D:/workspace/sophra/src/lib/cortex/utils/service-manager.additional.test.ts
            </failure>
        </testcase>
    </testsuite>
    <testsuite name="src/lib/cortex/utils/service-manager.test.ts" timestamp="2025-01-12T02:52:44.254Z" hostname="sophra" tests="1" failures="1" errors="0" skipped="0" time="0">
        <testcase classname="src/lib/cortex/utils/service-manager.test.ts" name="src/lib/cortex/utils/service-manager.test.ts" time="0">
            <failure message="No test suite found in file D:/workspace/sophra/src/lib/cortex/utils/service-manager.test.ts" type="Error">
Error: No test suite found in file D:/workspace/sophra/src/lib/cortex/utils/service-manager.test.ts
            </failure>
        </testcase>
    </testsuite>
    <testsuite name="src/lib/cortex/utils/validation.test.ts" timestamp="2025-01-12T02:52:44.268Z" hostname="sophra" tests="1" failures="1" errors="0" skipped="0" time="0">
        <testcase classname="src/lib/cortex/utils/validation.test.ts" name="src/lib/cortex/utils/validation.test.ts" time="0">
            <failure message="No test suite found in file D:/workspace/sophra/src/lib/cortex/utils/validation.test.ts" type="Error">
Error: No test suite found in file D:/workspace/sophra/src/lib/cortex/utils/validation.test.ts
            </failure>
        </testcase>
    </testsuite>
    <testsuite name="src/lib/nous/clients/openai.test.ts" timestamp="2025-01-12T02:52:44.281Z" hostname="sophra" tests="1" failures="1" errors="0" skipped="0" time="0">
        <testcase classname="src/lib/nous/clients/openai.test.ts" name="src/lib/nous/clients/openai.test.ts" time="0">
            <failure message="No test suite found in file D:/workspace/sophra/src/lib/nous/clients/openai.test.ts" type="Error">
Error: No test suite found in file D:/workspace/sophra/src/lib/nous/clients/openai.test.ts
            </failure>
        </testcase>
    </testsuite>
    <testsuite name="src/lib/nous/config/settings.test.ts" timestamp="2025-01-12T02:52:44.294Z" hostname="sophra" tests="1" failures="1" errors="0" skipped="0" time="0">
        <testcase classname="src/lib/nous/config/settings.test.ts" name="src/lib/nous/config/settings.test.ts" time="0">
            <failure message="No test suite found in file D:/workspace/sophra/src/lib/nous/config/settings.test.ts" type="Error">
Error: No test suite found in file D:/workspace/sophra/src/lib/nous/config/settings.test.ts
            </failure>
        </testcase>
    </testsuite>
    <testsuite name="src/lib/nous/config/types.test.ts" timestamp="2025-01-12T02:52:44.308Z" hostname="sophra" tests="1" failures="1" errors="0" skipped="0" time="0">
        <testcase classname="src/lib/nous/config/types.test.ts" name="src/lib/nous/config/types.test.ts" time="0">
            <failure message="No test suite found in file D:/workspace/sophra/src/lib/nous/config/types.test.ts" type="Error">
Error: No test suite found in file D:/workspace/sophra/src/lib/nous/config/types.test.ts
            </failure>
        </testcase>
    </testsuite>
    <testsuite name="src/lib/nous/engine/real-time-learner.additional.test.ts" timestamp="2025-01-12T02:52:44.323Z" hostname="sophra" tests="1" failures="1" errors="0" skipped="0" time="0">
        <testcase classname="src/lib/nous/engine/real-time-learner.additional.test.ts" name="src/lib/nous/engine/real-time-learner.additional.test.ts" time="0">
            <failure message="No test suite found in file D:/workspace/sophra/src/lib/nous/engine/real-time-learner.additional.test.ts" type="Error">
Error: No test suite found in file D:/workspace/sophra/src/lib/nous/engine/real-time-learner.additional.test.ts
            </failure>
        </testcase>
    </testsuite>
    <testsuite name="src/lib/nous/engine/real-time-learner.test.ts" timestamp="2025-01-12T02:52:44.337Z" hostname="sophra" tests="1" failures="1" errors="0" skipped="0" time="0">
        <testcase classname="src/lib/nous/engine/real-time-learner.test.ts" name="src/lib/nous/engine/real-time-learner.test.ts" time="0">
            <failure message="No test suite found in file D:/workspace/sophra/src/lib/nous/engine/real-time-learner.test.ts" type="Error">
Error: No test suite found in file D:/workspace/sophra/src/lib/nous/engine/real-time-learner.test.ts
            </failure>
        </testcase>
    </testsuite>
    <testsuite name="src/lib/nous/engine/service.additional.test.ts" timestamp="2025-01-12T02:52:44.350Z" hostname="sophra" tests="1" failures="1" errors="0" skipped="0" time="0">
        <testcase classname="src/lib/nous/engine/service.additional.test.ts" name="src/lib/nous/engine/service.additional.test.ts" time="0">
            <failure message="No test suite found in file D:/workspace/sophra/src/lib/nous/engine/service.additional.test.ts" type="Error">
Error: No test suite found in file D:/workspace/sophra/src/lib/nous/engine/service.additional.test.ts
            </failure>
        </testcase>
    </testsuite>
    <testsuite name="src/lib/nous/engine/service.test.ts" timestamp="2025-01-12T02:52:44.363Z" hostname="sophra" tests="1" failures="1" errors="0" skipped="0" time="0">
        <testcase classname="src/lib/nous/engine/service.test.ts" name="src/lib/nous/engine/service.test.ts" time="0">
            <failure message="No test suite found in file D:/workspace/sophra/src/lib/nous/engine/service.test.ts" type="Error">
Error: No test suite found in file D:/workspace/sophra/src/lib/nous/engine/service.test.ts
            </failure>
        </testcase>
    </testsuite>
    <testsuite name="src/lib/nous/engine/types.additional.test.ts" timestamp="2025-01-12T02:52:44.377Z" hostname="sophra" tests="1" failures="1" errors="0" skipped="0" time="0">
        <testcase classname="src/lib/nous/engine/types.additional.test.ts" name="src/lib/nous/engine/types.additional.test.ts" time="0">
            <failure message="No test suite found in file D:/workspace/sophra/src/lib/nous/engine/types.additional.test.ts" type="Error">
Error: No test suite found in file D:/workspace/sophra/src/lib/nous/engine/types.additional.test.ts
            </failure>
        </testcase>
    </testsuite>
    <testsuite name="src/lib/nous/engine/types.test.ts" timestamp="2025-01-12T02:52:44.394Z" hostname="sophra" tests="1" failures="1" errors="0" skipped="0" time="0">
        <testcase classname="src/lib/nous/engine/types.test.ts" name="src/lib/nous/engine/types.test.ts" time="0">
            <failure message="No test suite found in file D:/workspace/sophra/src/lib/nous/engine/types.test.ts" type="Error">
Error: No test suite found in file D:/workspace/sophra/src/lib/nous/engine/types.test.ts
            </failure>
        </testcase>
    </testsuite>
    <testsuite name="src/lib/nous/learn/models.test.ts" timestamp="2025-01-12T02:52:44.408Z" hostname="sophra" tests="1" failures="1" errors="0" skipped="0" time="0">
        <testcase classname="src/lib/nous/learn/models.test.ts" name="src/lib/nous/learn/models.test.ts" time="0">
            <failure message="No test suite found in file D:/workspace/sophra/src/lib/nous/learn/models.test.ts" type="Error">
Error: No test suite found in file D:/workspace/sophra/src/lib/nous/learn/models.test.ts
            </failure>
        </testcase>
    </testsuite>
    <testsuite name="src/lib/nous/learn/pipeline.test.ts" timestamp="2025-01-12T02:52:44.422Z" hostname="sophra" tests="1" failures="1" errors="0" skipped="0" time="0">
        <testcase classname="src/lib/nous/learn/pipeline.test.ts" name="src/lib/nous/learn/pipeline.test.ts" time="0">
            <failure message="No test suite found in file D:/workspace/sophra/src/lib/nous/learn/pipeline.test.ts" type="Error">
Error: No test suite found in file D:/workspace/sophra/src/lib/nous/learn/pipeline.test.ts
            </failure>
        </testcase>
    </testsuite>
    <testsuite name="src/lib/nous/learn/training.test.ts" timestamp="2025-01-12T02:52:44.434Z" hostname="sophra" tests="1" failures="1" errors="0" skipped="0" time="0">
        <testcase classname="src/lib/nous/learn/training.test.ts" name="src/lib/nous/learn/training.test.ts" time="0">
            <failure message="No test suite found in file D:/workspace/sophra/src/lib/nous/learn/training.test.ts" type="Error">
Error: No test suite found in file D:/workspace/sophra/src/lib/nous/learn/training.test.ts
            </failure>
        </testcase>
    </testsuite>
    <testsuite name="src/lib/nous/models/base.test.ts" timestamp="2025-01-12T02:52:44.449Z" hostname="sophra" tests="1" failures="1" errors="0" skipped="0" time="0">
        <testcase classname="src/lib/nous/models/base.test.ts" name="src/lib/nous/models/base.test.ts" time="0">
            <failure message="No test suite found in file D:/workspace/sophra/src/lib/nous/models/base.test.ts" type="Error">
Error: No test suite found in file D:/workspace/sophra/src/lib/nous/models/base.test.ts
            </failure>
        </testcase>
    </testsuite>
    <testsuite name="src/lib/nous/monitoring/metrics.test.ts" timestamp="2025-01-12T02:52:44.462Z" hostname="sophra" tests="1" failures="1" errors="0" skipped="0" time="0">
        <testcase classname="src/lib/nous/monitoring/metrics.test.ts" name="src/lib/nous/monitoring/metrics.test.ts" time="0">
            <failure message="No test suite found in file D:/workspace/sophra/src/lib/nous/monitoring/metrics.test.ts" type="Error">
Error: No test suite found in file D:/workspace/sophra/src/lib/nous/monitoring/metrics.test.ts
            </failure>
        </testcase>
    </testsuite>
    <testsuite name="src/lib/nous/observe/collector.test.ts" timestamp="2025-01-12T02:52:44.476Z" hostname="sophra" tests="1" failures="1" errors="0" skipped="0" time="0">
        <testcase classname="src/lib/nous/observe/collector.test.ts" name="src/lib/nous/observe/collector.test.ts" time="0">
            <failure message="No test suite found in file D:/workspace/sophra/src/lib/nous/observe/collector.test.ts" type="Error">
Error: No test suite found in file D:/workspace/sophra/src/lib/nous/observe/collector.test.ts
            </failure>
        </testcase>
    </testsuite>
    <testsuite name="src/lib/nous/observe/coordinator.test.ts" timestamp="2025-01-12T02:52:44.490Z" hostname="sophra" tests="1" failures="1" errors="0" skipped="0" time="0">
        <testcase classname="src/lib/nous/observe/coordinator.test.ts" name="src/lib/nous/observe/coordinator.test.ts" time="0">
            <failure message="No test suite found in file D:/workspace/sophra/src/lib/nous/observe/coordinator.test.ts" type="Error">
Error: No test suite found in file D:/workspace/sophra/src/lib/nous/observe/coordinator.test.ts
            </failure>
        </testcase>
    </testsuite>
    <testsuite name="src/lib/nous/observe/processors.test.ts" timestamp="2025-01-12T02:52:44.505Z" hostname="sophra" tests="1" failures="1" errors="0" skipped="0" time="0">
        <testcase classname="src/lib/nous/observe/processors.test.ts" name="src/lib/nous/observe/processors.test.ts" time="0">
            <failure message="No test suite found in file D:/workspace/sophra/src/lib/nous/observe/processors.test.ts" type="Error">
Error: No test suite found in file D:/workspace/sophra/src/lib/nous/observe/processors.test.ts
            </failure>
        </testcase>
    </testsuite>
    <testsuite name="src/lib/nous/observe/signals.test.ts" timestamp="2025-01-12T02:52:44.519Z" hostname="sophra" tests="1" failures="1" errors="0" skipped="0" time="0">
        <testcase classname="src/lib/nous/observe/signals.test.ts" name="src/lib/nous/observe/signals.test.ts" time="0">
            <failure message="No test suite found in file D:/workspace/sophra/src/lib/nous/observe/signals.test.ts" type="Error">
Error: No test suite found in file D:/workspace/sophra/src/lib/nous/observe/signals.test.ts
            </failure>
        </testcase>
    </testsuite>
    <testsuite name="src/lib/nous/registry/index.test.ts" timestamp="2025-01-12T02:52:44.532Z" hostname="sophra" tests="1" failures="1" errors="0" skipped="0" time="0">
        <testcase classname="src/lib/nous/registry/index.test.ts" name="src/lib/nous/registry/index.test.ts" time="0">
            <failure message="No test suite found in file D:/workspace/sophra/src/lib/nous/registry/index.test.ts" type="Error">
Error: No test suite found in file D:/workspace/sophra/src/lib/nous/registry/index.test.ts
            </failure>
        </testcase>
    </testsuite>
    <testsuite name="src/lib/nous/registry/metadata.test.ts" timestamp="2025-01-12T02:52:44.546Z" hostname="sophra" tests="1" failures="1" errors="0" skipped="0" time="0">
        <testcase classname="src/lib/nous/registry/metadata.test.ts" name="src/lib/nous/registry/metadata.test.ts" time="0">
            <failure message="No test suite found in file D:/workspace/sophra/src/lib/nous/registry/metadata.test.ts" type="Error">
Error: No test suite found in file D:/workspace/sophra/src/lib/nous/registry/metadata.test.ts
            </failure>
        </testcase>
    </testsuite>
    <testsuite name="src/lib/nous/registry/store.test.ts" timestamp="2025-01-12T02:52:44.561Z" hostname="sophra" tests="1" failures="1" errors="0" skipped="0" time="0">
        <testcase classname="src/lib/nous/registry/store.test.ts" name="src/lib/nous/registry/store.test.ts" time="0">
            <failure message="No test suite found in file D:/workspace/sophra/src/lib/nous/registry/store.test.ts" type="Error">
Error: No test suite found in file D:/workspace/sophra/src/lib/nous/registry/store.test.ts
            </failure>
        </testcase>
    </testsuite>
    <testsuite name="src/lib/nous/registry/version.test.ts" timestamp="2025-01-12T02:52:44.575Z" hostname="sophra" tests="1" failures="1" errors="0" skipped="0" time="0">
        <testcase classname="src/lib/nous/registry/version.test.ts" name="src/lib/nous/registry/version.test.ts" time="0">
            <failure message="No test suite found in file D:/workspace/sophra/src/lib/nous/registry/version.test.ts" type="Error">
Error: No test suite found in file D:/workspace/sophra/src/lib/nous/registry/version.test.ts
            </failure>
        </testcase>
    </testsuite>
    <testsuite name="src/lib/nous/types/core.test.ts" timestamp="2025-01-12T02:52:44.588Z" hostname="sophra" tests="1" failures="1" errors="0" skipped="0" time="0">
        <testcase classname="src/lib/nous/types/core.test.ts" name="src/lib/nous/types/core.test.ts" time="0">
            <failure message="No test suite found in file D:/workspace/sophra/src/lib/nous/types/core.test.ts" type="Error">
Error: No test suite found in file D:/workspace/sophra/src/lib/nous/types/core.test.ts
            </failure>
        </testcase>
    </testsuite>
    <testsuite name="src/lib/nous/types/events.test.ts" timestamp="2025-01-12T02:52:44.601Z" hostname="sophra" tests="1" failures="1" errors="0" skipped="0" time="0">
        <testcase classname="src/lib/nous/types/events.test.ts" name="src/lib/nous/types/events.test.ts" time="0">
            <failure message="No test suite found in file D:/workspace/sophra/src/lib/nous/types/events.test.ts" type="Error">
Error: No test suite found in file D:/workspace/sophra/src/lib/nous/types/events.test.ts
            </failure>
        </testcase>
    </testsuite>
    <testsuite name="src/lib/nous/utils/service-manager.test.ts" timestamp="2025-01-12T02:52:44.617Z" hostname="sophra" tests="1" failures="1" errors="0" skipped="0" time="0">
        <testcase classname="src/lib/nous/utils/service-manager.test.ts" name="src/lib/nous/utils/service-manager.test.ts" time="0">
            <failure message="No test suite found in file D:/workspace/sophra/src/lib/nous/utils/service-manager.test.ts" type="Error">
Error: No test suite found in file D:/workspace/sophra/src/lib/nous/utils/service-manager.test.ts
            </failure>
        </testcase>
    </testsuite>
    <testsuite name="src/lib/nous/utils/signal-response.test.ts" timestamp="2025-01-12T02:52:44.631Z" hostname="sophra" tests="1" failures="1" errors="0" skipped="0" time="0">
        <testcase classname="src/lib/nous/utils/signal-response.test.ts" name="src/lib/nous/utils/signal-response.test.ts" time="0">
            <failure message="No test suite found in file D:/workspace/sophra/src/lib/nous/utils/signal-response.test.ts" type="Error">
Error: No test suite found in file D:/workspace/sophra/src/lib/nous/utils/signal-response.test.ts
            </failure>
        </testcase>
    </testsuite>
    <testsuite name="src/lib/nous/utils/threading.test.ts" timestamp="2025-01-12T02:52:44.647Z" hostname="sophra" tests="1" failures="1" errors="0" skipped="0" time="0">
        <testcase classname="src/lib/nous/utils/threading.test.ts" name="src/lib/nous/utils/threading.test.ts" time="0">
            <failure message="No test suite found in file D:/workspace/sophra/src/lib/nous/utils/threading.test.ts" type="Error">
Error: No test suite found in file D:/workspace/sophra/src/lib/nous/utils/threading.test.ts
            </failure>
        </testcase>
    </testsuite>
    <testsuite name="src/lib/shared/database/client.test.ts" timestamp="2025-01-12T02:52:44.666Z" hostname="sophra" tests="1" failures="1" errors="0" skipped="0" time="0">
        <testcase classname="src/lib/shared/database/client.test.ts" name="src/lib/shared/database/client.test.ts" time="0">
            <failure message="No test suite found in file D:/workspace/sophra/src/lib/shared/database/client.test.ts" type="Error">
Error: No test suite found in file D:/workspace/sophra/src/lib/shared/database/client.test.ts
            </failure>
        </testcase>
    </testsuite>
    <testsuite name="src/lib/shared/engine/adaptation-engine.test.ts" timestamp="2025-01-12T02:52:44.686Z" hostname="sophra" tests="1" failures="1" errors="0" skipped="0" time="0">
        <testcase classname="src/lib/shared/engine/adaptation-engine.test.ts" name="src/lib/shared/engine/adaptation-engine.test.ts" time="0">
            <failure message="No test suite found in file D:/workspace/sophra/src/lib/shared/engine/adaptation-engine.test.ts" type="Error">
Error: No test suite found in file D:/workspace/sophra/src/lib/shared/engine/adaptation-engine.test.ts
            </failure>
        </testcase>
    </testsuite>
    <testsuite name="src/lib/shared/engine/base-engine.test.ts" timestamp="2025-01-12T02:52:44.700Z" hostname="sophra" tests="1" failures="1" errors="0" skipped="0" time="0">
        <testcase classname="src/lib/shared/engine/base-engine.test.ts" name="src/lib/shared/engine/base-engine.test.ts" time="0">
            <failure message="No test suite found in file D:/workspace/sophra/src/lib/shared/engine/base-engine.test.ts" type="Error">
Error: No test suite found in file D:/workspace/sophra/src/lib/shared/engine/base-engine.test.ts
            </failure>
        </testcase>
    </testsuite>
    <testsuite name="src/lib/shared/engine/learning-engine.test.ts" timestamp="2025-01-12T02:52:44.714Z" hostname="sophra" tests="1" failures="1" errors="0" skipped="0" time="0">
        <testcase classname="src/lib/shared/engine/learning-engine.test.ts" name="src/lib/shared/engine/learning-engine.test.ts" time="0">
            <failure message="No test suite found in file D:/workspace/sophra/src/lib/shared/engine/learning-engine.test.ts" type="Error">
Error: No test suite found in file D:/workspace/sophra/src/lib/shared/engine/learning-engine.test.ts
            </failure>
        </testcase>
    </testsuite>
    <testsuite name="src/lib/shared/types/index.test.ts" timestamp="2025-01-12T02:52:44.728Z" hostname="sophra" tests="1" failures="1" errors="0" skipped="0" time="0">
        <testcase classname="src/lib/shared/types/index.test.ts" name="src/lib/shared/types/index.test.ts" time="0">
            <failure message="No test suite found in file D:/workspace/sophra/src/lib/shared/types/index.test.ts" type="Error">
Error: No test suite found in file D:/workspace/sophra/src/lib/shared/types/index.test.ts
            </failure>
        </testcase>
    </testsuite>
    <testsuite name="src/app/api/cortex/documents/documents.route.additional.test.ts" timestamp="2025-01-12T02:52:44.741Z" hostname="sophra" tests="1" failures="1" errors="0" skipped="0" time="0">
        <testcase classname="src/app/api/cortex/documents/documents.route.additional.test.ts" name="src/app/api/cortex/documents/documents.route.additional.test.ts" time="0">
            <failure message="No test suite found in file D:/workspace/sophra/src/app/api/cortex/documents/documents.route.additional.test.ts" type="Error">
Error: No test suite found in file D:/workspace/sophra/src/app/api/cortex/documents/documents.route.additional.test.ts
            </failure>
        </testcase>
    </testsuite>
    <testsuite name="src/app/api/cortex/documents/documents.route.test.ts" timestamp="2025-01-12T02:52:44.755Z" hostname="sophra" tests="1" failures="1" errors="0" skipped="0" time="0">
        <testcase classname="src/app/api/cortex/documents/documents.route.test.ts" name="src/app/api/cortex/documents/documents.route.test.ts" time="0">
            <failure message="No test suite found in file D:/workspace/sophra/src/app/api/cortex/documents/documents.route.test.ts" type="Error">
Error: No test suite found in file D:/workspace/sophra/src/app/api/cortex/documents/documents.route.test.ts
            </failure>
        </testcase>
    </testsuite>
    <testsuite name="src/app/api/cortex/feedback/feedback.route.additional.test.ts" timestamp="2025-01-12T02:52:44.769Z" hostname="sophra" tests="1" failures="1" errors="0" skipped="0" time="0">
        <testcase classname="src/app/api/cortex/feedback/feedback.route.additional.test.ts" name="src/app/api/cortex/feedback/feedback.route.additional.test.ts" time="0">
            <failure message="No test suite found in file D:/workspace/sophra/src/app/api/cortex/feedback/feedback.route.additional.test.ts" type="Error">
Error: No test suite found in file D:/workspace/sophra/src/app/api/cortex/feedback/feedback.route.additional.test.ts
            </failure>
        </testcase>
    </testsuite>
    <testsuite name="src/app/api/cortex/feedback/feedback.route.test.ts" timestamp="2025-01-12T02:52:44.783Z" hostname="sophra" tests="1" failures="1" errors="0" skipped="0" time="0">
        <testcase classname="src/app/api/cortex/feedback/feedback.route.test.ts" name="src/app/api/cortex/feedback/feedback.route.test.ts" time="0">
            <failure message="No test suite found in file D:/workspace/sophra/src/app/api/cortex/feedback/feedback.route.test.ts" type="Error">
Error: No test suite found in file D:/workspace/sophra/src/app/api/cortex/feedback/feedback.route.test.ts
            </failure>
        </testcase>
    </testsuite>
    <testsuite name="src/app/api/cortex/indices/indices.route.test.ts" timestamp="2025-01-12T02:52:44.796Z" hostname="sophra" tests="1" failures="1" errors="0" skipped="0" time="0">
        <testcase classname="src/app/api/cortex/indices/indices.route.test.ts" name="src/app/api/cortex/indices/indices.route.test.ts" time="0">
            <failure message="No test suite found in file D:/workspace/sophra/src/app/api/cortex/indices/indices.route.test.ts" type="Error">
Error: No test suite found in file D:/workspace/sophra/src/app/api/cortex/indices/indices.route.test.ts
            </failure>
        </testcase>
    </testsuite>
    <testsuite name="src/app/api/cortex/metrics/metrics.route.test.ts" timestamp="2025-01-12T02:52:44.809Z" hostname="sophra" tests="1" failures="1" errors="0" skipped="0" time="0">
        <testcase classname="src/app/api/cortex/metrics/metrics.route.test.ts" name="src/app/api/cortex/metrics/metrics.route.test.ts" time="0">
            <failure message="No test suite found in file D:/workspace/sophra/src/app/api/cortex/metrics/metrics.route.test.ts" type="Error">
Error: No test suite found in file D:/workspace/sophra/src/app/api/cortex/metrics/metrics.route.test.ts
            </failure>
        </testcase>
    </testsuite>
    <testsuite name="src/app/api/cortex/search/search.route.additional.test.ts" timestamp="2025-01-12T02:52:44.823Z" hostname="sophra" tests="1" failures="1" errors="0" skipped="0" time="0">
        <testcase classname="src/app/api/cortex/search/search.route.additional.test.ts" name="src/app/api/cortex/search/search.route.additional.test.ts" time="0">
            <failure message="No test suite found in file D:/workspace/sophra/src/app/api/cortex/search/search.route.additional.test.ts" type="Error">
Error: No test suite found in file D:/workspace/sophra/src/app/api/cortex/search/search.route.additional.test.ts
            </failure>
        </testcase>
    </testsuite>
    <testsuite name="src/app/api/cortex/search/search.route.test.ts" timestamp="2025-01-12T02:52:44.837Z" hostname="sophra" tests="1" failures="1" errors="0" skipped="0" time="0">
        <testcase classname="src/app/api/cortex/search/search.route.test.ts" name="src/app/api/cortex/search/search.route.test.ts" time="0">
            <failure message="No test suite found in file D:/workspace/sophra/src/app/api/cortex/search/search.route.test.ts" type="Error">
Error: No test suite found in file D:/workspace/sophra/src/app/api/cortex/search/search.route.test.ts
            </failure>
        </testcase>
    </testsuite>
    <testsuite name="src/app/api/cortex/sessions/sessions.route.additional.test.ts" timestamp="2025-01-12T02:52:44.852Z" hostname="sophra" tests="1" failures="1" errors="0" skipped="0" time="0">
        <testcase classname="src/app/api/cortex/sessions/sessions.route.additional.test.ts" name="src/app/api/cortex/sessions/sessions.route.additional.test.ts" time="0">
            <failure message="No test suite found in file D:/workspace/sophra/src/app/api/cortex/sessions/sessions.route.additional.test.ts" type="Error">
Error: No test suite found in file D:/workspace/sophra/src/app/api/cortex/sessions/sessions.route.additional.test.ts
            </failure>
        </testcase>
    </testsuite>
    <testsuite name="src/app/api/cortex/sessions/sessions.route.test.ts" timestamp="2025-01-12T02:52:44.866Z" hostname="sophra" tests="1" failures="1" errors="0" skipped="0" time="0">
        <testcase classname="src/app/api/cortex/sessions/sessions.route.test.ts" name="src/app/api/cortex/sessions/sessions.route.test.ts" time="0">
            <failure message="No test suite found in file D:/workspace/sophra/src/app/api/cortex/sessions/sessions.route.test.ts" type="Error">
Error: No test suite found in file D:/workspace/sophra/src/app/api/cortex/sessions/sessions.route.test.ts
            </failure>
        </testcase>
    </testsuite>
    <testsuite name="src/app/api/nous/health/health.route.additional.test.ts" timestamp="2025-01-12T02:52:44.879Z" hostname="sophra" tests="1" failures="1" errors="0" skipped="0" time="0">
        <testcase classname="src/app/api/nous/health/health.route.additional.test.ts" name="src/app/api/nous/health/health.route.additional.test.ts" time="0">
            <failure message="No test suite found in file D:/workspace/sophra/src/app/api/nous/health/health.route.additional.test.ts" type="Error">
Error: No test suite found in file D:/workspace/sophra/src/app/api/nous/health/health.route.additional.test.ts
            </failure>
        </testcase>
    </testsuite>
    <testsuite name="src/app/api/nous/signals/route.test.ts" timestamp="2025-01-12T02:52:44.893Z" hostname="sophra" tests="1" failures="1" errors="0" skipped="0" time="0">
        <testcase classname="src/app/api/nous/signals/route.test.ts" name="src/app/api/nous/signals/route.test.ts" time="0">
            <failure message="No test suite found in file D:/workspace/sophra/src/app/api/nous/signals/route.test.ts" type="Error">
Error: No test suite found in file D:/workspace/sophra/src/app/api/nous/signals/route.test.ts
            </failure>
        </testcase>
    </testsuite>
    <testsuite name="src/app/api/nous/signals/signals.route.additional.test.ts" timestamp="2025-01-12T02:52:44.907Z" hostname="sophra" tests="1" failures="1" errors="0" skipped="0" time="0">
        <testcase classname="src/app/api/nous/signals/signals.route.additional.test.ts" name="src/app/api/nous/signals/signals.route.additional.test.ts" time="0">
            <failure message="No test suite found in file D:/workspace/sophra/src/app/api/nous/signals/signals.route.additional.test.ts" type="Error">
Error: No test suite found in file D:/workspace/sophra/src/app/api/nous/signals/signals.route.additional.test.ts
            </failure>
        </testcase>
    </testsuite>
    <testsuite name="src/lib/nous/adapt/actions/actions.additional.test.ts" timestamp="2025-01-12T02:52:44.920Z" hostname="sophra" tests="1" failures="1" errors="0" skipped="0" time="0">
        <testcase classname="src/lib/nous/adapt/actions/actions.additional.test.ts" name="src/lib/nous/adapt/actions/actions.additional.test.ts" time="0">
            <failure message="No test suite found in file D:/workspace/sophra/src/lib/nous/adapt/actions/actions.additional.test.ts" type="Error">
Error: No test suite found in file D:/workspace/sophra/src/lib/nous/adapt/actions/actions.additional.test.ts
            </failure>
        </testcase>
    </testsuite>
    <testsuite name="src/lib/nous/adapt/actions/index.test.ts" timestamp="2025-01-12T02:52:44.933Z" hostname="sophra" tests="1" failures="1" errors="0" skipped="0" time="0">
        <testcase classname="src/lib/nous/adapt/actions/index.test.ts" name="src/lib/nous/adapt/actions/index.test.ts" time="0">
            <failure message="No test suite found in file D:/workspace/sophra/src/lib/nous/adapt/actions/index.test.ts" type="Error">
Error: No test suite found in file D:/workspace/sophra/src/lib/nous/adapt/actions/index.test.ts
            </failure>
        </testcase>
    </testsuite>
    <testsuite name="src/lib/nous/adapt/rules/index.test.ts" timestamp="2025-01-12T02:52:44.948Z" hostname="sophra" tests="1" failures="1" errors="0" skipped="0" time="0">
        <testcase classname="src/lib/nous/adapt/rules/index.test.ts" name="src/lib/nous/adapt/rules/index.test.ts" time="0">
            <failure message="No test suite found in file D:/workspace/sophra/src/lib/nous/adapt/rules/index.test.ts" type="Error">
Error: No test suite found in file D:/workspace/sophra/src/lib/nous/adapt/rules/index.test.ts
            </failure>
        </testcase>
    </testsuite>
    <testsuite name="src/lib/nous/adapt/types/index.test.ts" timestamp="2025-01-12T02:52:44.961Z" hostname="sophra" tests="1" failures="1" errors="0" skipped="0" time="0">
        <testcase classname="src/lib/nous/adapt/types/index.test.ts" name="src/lib/nous/adapt/types/index.test.ts" time="0">
            <failure message="No test suite found in file D:/workspace/sophra/src/lib/nous/adapt/types/index.test.ts" type="Error">
Error: No test suite found in file D:/workspace/sophra/src/lib/nous/adapt/types/index.test.ts
            </failure>
        </testcase>
    </testsuite>
    <testsuite name="src/lib/shared/engine/adapters/metrics-adapter.test.ts" timestamp="2025-01-12T02:52:44.976Z" hostname="sophra" tests="1" failures="1" errors="0" skipped="0" time="0">
        <testcase classname="src/lib/shared/engine/adapters/metrics-adapter.test.ts" name="src/lib/shared/engine/adapters/metrics-adapter.test.ts" time="0">
            <failure message="No test suite found in file D:/workspace/sophra/src/lib/shared/engine/adapters/metrics-adapter.test.ts" type="Error">
Error: No test suite found in file D:/workspace/sophra/src/lib/shared/engine/adapters/metrics-adapter.test.ts
            </failure>
        </testcase>
    </testsuite>
    <testsuite name="src/lib/shared/engine/adapters/redis-adapter.test.ts" timestamp="2025-01-12T02:52:44.989Z" hostname="sophra" tests="1" failures="1" errors="0" skipped="0" time="0">
        <testcase classname="src/lib/shared/engine/adapters/redis-adapter.test.ts" name="src/lib/shared/engine/adapters/redis-adapter.test.ts" time="0">
            <failure message="No test suite found in file D:/workspace/sophra/src/lib/shared/engine/adapters/redis-adapter.test.ts" type="Error">
Error: No test suite found in file D:/workspace/sophra/src/lib/shared/engine/adapters/redis-adapter.test.ts
            </failure>
        </testcase>
    </testsuite>
    <testsuite name="src/lib/shared/engine/processors/base-processor.test.ts" timestamp="2025-01-12T02:52:45.004Z" hostname="sophra" tests="1" failures="1" errors="0" skipped="0" time="0">
        <testcase classname="src/lib/shared/engine/processors/base-processor.test.ts" name="src/lib/shared/engine/processors/base-processor.test.ts" time="0">
            <failure message="No test suite found in file D:/workspace/sophra/src/lib/shared/engine/processors/base-processor.test.ts" type="Error">
Error: No test suite found in file D:/workspace/sophra/src/lib/shared/engine/processors/base-processor.test.ts
            </failure>
        </testcase>
    </testsuite>
    <testsuite name="src/lib/shared/engine/processors/feedback-processor.test.ts" timestamp="2025-01-12T02:52:45.018Z" hostname="sophra" tests="1" failures="1" errors="0" skipped="0" time="0">
        <testcase classname="src/lib/shared/engine/processors/feedback-processor.test.ts" name="src/lib/shared/engine/processors/feedback-processor.test.ts" time="0">
            <failure message="No test suite found in file D:/workspace/sophra/src/lib/shared/engine/processors/feedback-processor.test.ts" type="Error">
Error: No test suite found in file D:/workspace/sophra/src/lib/shared/engine/processors/feedback-processor.test.ts
            </failure>
        </testcase>
    </testsuite>
    <testsuite name="src/lib/shared/engine/processors/performance-processor.test.ts" timestamp="2025-01-12T02:52:45.032Z" hostname="sophra" tests="1" failures="1" errors="0" skipped="0" time="0">
        <testcase classname="src/lib/shared/engine/processors/performance-processor.test.ts" name="src/lib/shared/engine/processors/performance-processor.test.ts" time="0">
            <failure message="No test suite found in file D:/workspace/sophra/src/lib/shared/engine/processors/performance-processor.test.ts" type="Error">
Error: No test suite found in file D:/workspace/sophra/src/lib/shared/engine/processors/performance-processor.test.ts
            </failure>
        </testcase>
    </testsuite>
    <testsuite name="src/lib/shared/engine/processors/strategy-processor.test.ts" timestamp="2025-01-12T02:52:45.044Z" hostname="sophra" tests="1" failures="1" errors="0" skipped="0" time="0">
        <testcase classname="src/lib/shared/engine/processors/strategy-processor.test.ts" name="src/lib/shared/engine/processors/strategy-processor.test.ts" time="0">
            <failure message="No test suite found in file D:/workspace/sophra/src/lib/shared/engine/processors/strategy-processor.test.ts" type="Error">
Error: No test suite found in file D:/workspace/sophra/src/lib/shared/engine/processors/strategy-processor.test.ts
            </failure>
        </testcase>
    </testsuite>
    <testsuite name="src/lib/shared/engine/processors/time-based-processor.test.ts" timestamp="2025-01-12T02:52:45.057Z" hostname="sophra" tests="1" failures="1" errors="0" skipped="0" time="0">
        <testcase classname="src/lib/shared/engine/processors/time-based-processor.test.ts" name="src/lib/shared/engine/processors/time-based-processor.test.ts" time="0">
            <failure message="No test suite found in file D:/workspace/sophra/src/lib/shared/engine/processors/time-based-processor.test.ts" type="Error">
Error: No test suite found in file D:/workspace/sophra/src/lib/shared/engine/processors/time-based-processor.test.ts
            </failure>
        </testcase>
    </testsuite>
    <testsuite name="src/lib/shared/logger/src/logger.test.ts" timestamp="2025-01-12T02:52:45.070Z" hostname="sophra" tests="1" failures="1" errors="0" skipped="0" time="0">
        <testcase classname="src/lib/shared/logger/src/logger.test.ts" name="src/lib/shared/logger/src/logger.test.ts" time="0">
            <failure message="No test suite found in file D:/workspace/sophra/src/lib/shared/logger/src/logger.test.ts" type="Error">
Error: No test suite found in file D:/workspace/sophra/src/lib/shared/logger/src/logger.test.ts
            </failure>
        </testcase>
    </testsuite>
    <testsuite name="src/app/api/cortex/ab-test/assign/assign.route.test.ts" timestamp="2025-01-12T02:52:45.083Z" hostname="sophra" tests="1" failures="1" errors="0" skipped="0" time="0">
        <testcase classname="src/app/api/cortex/ab-test/assign/assign.route.test.ts" name="src/app/api/cortex/ab-test/assign/assign.route.test.ts" time="0">
            <failure message="No test suite found in file D:/workspace/sophra/src/app/api/cortex/ab-test/assign/assign.route.test.ts" type="Error">
Error: No test suite found in file D:/workspace/sophra/src/app/api/cortex/ab-test/assign/assign.route.test.ts
            </failure>
        </testcase>
    </testsuite>
    <testsuite name="src/app/api/cortex/ab-test/create/create.route.test.ts" timestamp="2025-01-12T02:52:45.094Z" hostname="sophra" tests="1" failures="1" errors="0" skipped="0" time="0">
        <testcase classname="src/app/api/cortex/ab-test/create/create.route.test.ts" name="src/app/api/cortex/ab-test/create/create.route.test.ts" time="0">
            <failure message="No test suite found in file D:/workspace/sophra/src/app/api/cortex/ab-test/create/create.route.test.ts" type="Error">
Error: No test suite found in file D:/workspace/sophra/src/app/api/cortex/ab-test/create/create.route.test.ts
            </failure>
        </testcase>
    </testsuite>
    <testsuite name="src/app/api/cortex/analytics/reports/report.route.test.ts" timestamp="2025-01-12T02:52:45.108Z" hostname="sophra" tests="1" failures="1" errors="0" skipped="0" time="0">
        <testcase classname="src/app/api/cortex/analytics/reports/report.route.test.ts" name="src/app/api/cortex/analytics/reports/report.route.test.ts" time="0">
            <failure message="No test suite found in file D:/workspace/sophra/src/app/api/cortex/analytics/reports/report.route.test.ts" type="Error">
Error: No test suite found in file D:/workspace/sophra/src/app/api/cortex/analytics/reports/report.route.test.ts
            </failure>
        </testcase>
    </testsuite>
    <testsuite name="src/app/api/cortex/documents/bulk/bulk.route.additional.test.ts" timestamp="2025-01-12T02:52:45.121Z" hostname="sophra" tests="1" failures="1" errors="0" skipped="0" time="0">
        <testcase classname="src/app/api/cortex/documents/bulk/bulk.route.additional.test.ts" name="src/app/api/cortex/documents/bulk/bulk.route.additional.test.ts" time="0">
            <failure message="No test suite found in file D:/workspace/sophra/src/app/api/cortex/documents/bulk/bulk.route.additional.test.ts" type="Error">
Error: No test suite found in file D:/workspace/sophra/src/app/api/cortex/documents/bulk/bulk.route.additional.test.ts
            </failure>
        </testcase>
    </testsuite>
    <testsuite name="src/app/api/cortex/documents/bulk/bulk.route.test.ts" timestamp="2025-01-12T02:52:45.136Z" hostname="sophra" tests="1" failures="1" errors="0" skipped="0" time="0">
        <testcase classname="src/app/api/cortex/documents/bulk/bulk.route.test.ts" name="src/app/api/cortex/documents/bulk/bulk.route.test.ts" time="0">
            <failure message="No test suite found in file D:/workspace/sophra/src/app/api/cortex/documents/bulk/bulk.route.test.ts" type="Error">
Error: No test suite found in file D:/workspace/sophra/src/app/api/cortex/documents/bulk/bulk.route.test.ts
            </failure>
        </testcase>
    </testsuite>
    <testsuite name="src/app/api/cortex/analytics/search/search.route.test.ts" timestamp="2025-01-12T02:52:45.149Z" hostname="sophra" tests="1" failures="1" errors="0" skipped="0" time="0">
        <testcase classname="src/app/api/cortex/analytics/search/search.route.test.ts" name="src/app/api/cortex/analytics/search/search.route.test.ts" time="0">
            <failure message="No test suite found in file D:/workspace/sophra/src/app/api/cortex/analytics/search/search.route.test.ts" type="Error">
Error: No test suite found in file D:/workspace/sophra/src/app/api/cortex/analytics/search/search.route.test.ts
            </failure>
        </testcase>
    </testsuite>
    <testsuite name="src/app/api/cortex/documents/verify/verify.route.additional.test.ts" timestamp="2025-01-12T02:52:45.165Z" hostname="sophra" tests="1" failures="1" errors="0" skipped="0" time="0">
        <testcase classname="src/app/api/cortex/documents/verify/verify.route.additional.test.ts" name="src/app/api/cortex/documents/verify/verify.route.additional.test.ts" time="0">
            <failure message="No test suite found in file D:/workspace/sophra/src/app/api/cortex/documents/verify/verify.route.additional.test.ts" type="Error">
Error: No test suite found in file D:/workspace/sophra/src/app/api/cortex/documents/verify/verify.route.additional.test.ts
            </failure>
        </testcase>
    </testsuite>
    <testsuite name="src/app/api/cortex/documents/verify/verify.route.test.ts" timestamp="2025-01-12T02:52:45.178Z" hostname="sophra" tests="1" failures="1" errors="0" skipped="0" time="0">
        <testcase classname="src/app/api/cortex/documents/verify/verify.route.test.ts" name="src/app/api/cortex/documents/verify/verify.route.test.ts" time="0">
            <failure message="No test suite found in file D:/workspace/sophra/src/app/api/cortex/documents/verify/verify.route.test.ts" type="Error">
Error: No test suite found in file D:/workspace/sophra/src/app/api/cortex/documents/verify/verify.route.test.ts
            </failure>
        </testcase>
    </testsuite>
    <testsuite name="src/app/api/cortex/documents/[id]/id.route.additional.test.ts" timestamp="2025-01-12T02:52:45.192Z" hostname="sophra" tests="1" failures="1" errors="0" skipped="0" time="0">
        <testcase classname="src/app/api/cortex/documents/[id]/id.route.additional.test.ts" name="src/app/api/cortex/documents/[id]/id.route.additional.test.ts" time="0">
            <failure message="No test suite found in file D:/workspace/sophra/src/app/api/cortex/documents/[id]/id.route.additional.test.ts" type="Error">
Error: No test suite found in file D:/workspace/sophra/src/app/api/cortex/documents/[id]/id.route.additional.test.ts
            </failure>
        </testcase>
    </testsuite>
    <testsuite name="src/app/api/cortex/documents/[id]/id.route.test.ts" timestamp="2025-01-12T02:52:45.205Z" hostname="sophra" tests="1" failures="1" errors="0" skipped="0" time="0">
        <testcase classname="src/app/api/cortex/documents/[id]/id.route.test.ts" name="src/app/api/cortex/documents/[id]/id.route.test.ts" time="0">
            <failure message="No test suite found in file D:/workspace/sophra/src/app/api/cortex/documents/[id]/id.route.test.ts" type="Error">
Error: No test suite found in file D:/workspace/sophra/src/app/api/cortex/documents/[id]/id.route.test.ts
            </failure>
        </testcase>
    </testsuite>
    <testsuite name="src/app/api/cortex/engine/health/engine.health.route.test.ts" timestamp="2025-01-12T02:52:45.221Z" hostname="sophra" tests="1" failures="1" errors="0" skipped="0" time="0">
        <testcase classname="src/app/api/cortex/engine/health/engine.health.route.test.ts" name="src/app/api/cortex/engine/health/engine.health.route.test.ts" time="0">
            <failure message="No test suite found in file D:/workspace/sophra/src/app/api/cortex/engine/health/engine.health.route.test.ts" type="Error">
Error: No test suite found in file D:/workspace/sophra/src/app/api/cortex/engine/health/engine.health.route.test.ts
            </failure>
        </testcase>
    </testsuite>
    <testsuite name="src/app/api/nous/ab-testing/experiments/experiments.route.test.ts" timestamp="2025-01-12T02:52:45.235Z" hostname="sophra" tests="1" failures="1" errors="0" skipped="0" time="0">
        <testcase classname="src/app/api/nous/ab-testing/experiments/experiments.route.test.ts" name="src/app/api/nous/ab-testing/experiments/experiments.route.test.ts" time="0">
            <failure message="No test suite found in file D:/workspace/sophra/src/app/api/nous/ab-testing/experiments/experiments.route.test.ts" type="Error">
Error: No test suite found in file D:/workspace/sophra/src/app/api/nous/ab-testing/experiments/experiments.route.test.ts
            </failure>
        </testcase>
    </testsuite>
    <testsuite name="src/app/api/nous/ab-testing/results/results.route.test.ts" timestamp="2025-01-12T02:52:45.249Z" hostname="sophra" tests="1" failures="1" errors="0" skipped="0" time="0">
        <testcase classname="src/app/api/nous/ab-testing/results/results.route.test.ts" name="src/app/api/nous/ab-testing/results/results.route.test.ts" time="0">
            <failure message="No test suite found in file D:/workspace/sophra/src/app/api/nous/ab-testing/results/results.route.test.ts" type="Error">
Error: No test suite found in file D:/workspace/sophra/src/app/api/nous/ab-testing/results/results.route.test.ts
            </failure>
        </testcase>
    </testsuite>
    <testsuite name="src/app/api/nous/adapt/apply/apply.route.additional.test.ts" timestamp="2025-01-12T02:52:45.263Z" hostname="sophra" tests="1" failures="1" errors="0" skipped="0" time="0">
        <testcase classname="src/app/api/nous/adapt/apply/apply.route.additional.test.ts" name="src/app/api/nous/adapt/apply/apply.route.additional.test.ts" time="0">
            <failure message="No test suite found in file D:/workspace/sophra/src/app/api/nous/adapt/apply/apply.route.additional.test.ts" type="Error">
Error: No test suite found in file D:/workspace/sophra/src/app/api/nous/adapt/apply/apply.route.additional.test.ts
            </failure>
        </testcase>
    </testsuite>
    <testsuite name="src/app/api/nous/adapt/apply/apply.route.test.ts" timestamp="2025-01-12T02:52:45.278Z" hostname="sophra" tests="1" failures="1" errors="0" skipped="0" time="0">
        <testcase classname="src/app/api/nous/adapt/apply/apply.route.test.ts" name="src/app/api/nous/adapt/apply/apply.route.test.ts" time="0">
            <failure message="No test suite found in file D:/workspace/sophra/src/app/api/nous/adapt/apply/apply.route.test.ts" type="Error">
Error: No test suite found in file D:/workspace/sophra/src/app/api/nous/adapt/apply/apply.route.test.ts
            </failure>
        </testcase>
    </testsuite>
    <testsuite name="src/app/api/nous/adapt/rules/rules.route.additional.test.ts" timestamp="2025-01-12T02:52:45.292Z" hostname="sophra" tests="1" failures="1" errors="0" skipped="0" time="0">
        <testcase classname="src/app/api/nous/adapt/rules/rules.route.additional.test.ts" name="src/app/api/nous/adapt/rules/rules.route.additional.test.ts" time="0">
            <failure message="No test suite found in file D:/workspace/sophra/src/app/api/nous/adapt/rules/rules.route.additional.test.ts" type="Error">
Error: No test suite found in file D:/workspace/sophra/src/app/api/nous/adapt/rules/rules.route.additional.test.ts
            </failure>
        </testcase>
    </testsuite>
    <testsuite name="src/app/api/nous/adapt/rules/rules.route.test.ts" timestamp="2025-01-12T02:52:45.306Z" hostname="sophra" tests="1" failures="1" errors="0" skipped="0" time="0">
        <testcase classname="src/app/api/nous/adapt/rules/rules.route.test.ts" name="src/app/api/nous/adapt/rules/rules.route.test.ts" time="0">
            <failure message="No test suite found in file D:/workspace/sophra/src/app/api/nous/adapt/rules/rules.route.test.ts" type="Error">
Error: No test suite found in file D:/workspace/sophra/src/app/api/nous/adapt/rules/rules.route.test.ts
            </failure>
        </testcase>
    </testsuite>
    <testsuite name="src/app/api/nous/adapt/suggest/suggest.route.additional.test.ts" timestamp="2025-01-12T02:52:45.320Z" hostname="sophra" tests="1" failures="1" errors="0" skipped="0" time="0">
        <testcase classname="src/app/api/nous/adapt/suggest/suggest.route.additional.test.ts" name="src/app/api/nous/adapt/suggest/suggest.route.additional.test.ts" time="0">
            <failure message="No test suite found in file D:/workspace/sophra/src/app/api/nous/adapt/suggest/suggest.route.additional.test.ts" type="Error">
Error: No test suite found in file D:/workspace/sophra/src/app/api/nous/adapt/suggest/suggest.route.additional.test.ts
            </failure>
        </testcase>
    </testsuite>
    <testsuite name="src/app/api/nous/adapt/suggest/suggest.route.test.ts" timestamp="2025-01-12T02:52:45.333Z" hostname="sophra" tests="1" failures="1" errors="0" skipped="0" time="0">
        <testcase classname="src/app/api/nous/adapt/suggest/suggest.route.test.ts" name="src/app/api/nous/adapt/suggest/suggest.route.test.ts" time="0">
            <failure message="No test suite found in file D:/workspace/sophra/src/app/api/nous/adapt/suggest/suggest.route.test.ts" type="Error">
Error: No test suite found in file D:/workspace/sophra/src/app/api/nous/adapt/suggest/suggest.route.test.ts
            </failure>
        </testcase>
    </testsuite>
    <testsuite name="src/app/api/nous/learn/events/events.route.additional.test.ts" timestamp="2025-01-12T02:52:45.345Z" hostname="sophra" tests="1" failures="1" errors="0" skipped="0" time="0">
        <testcase classname="src/app/api/nous/learn/events/events.route.additional.test.ts" name="src/app/api/nous/learn/events/events.route.additional.test.ts" time="0">
            <failure message="No test suite found in file D:/workspace/sophra/src/app/api/nous/learn/events/events.route.additional.test.ts" type="Error">
Error: No test suite found in file D:/workspace/sophra/src/app/api/nous/learn/events/events.route.additional.test.ts
            </failure>
        </testcase>
    </testsuite>
    <testsuite name="src/app/api/nous/learn/events/events.route.test.ts" timestamp="2025-01-12T02:52:45.359Z" hostname="sophra" tests="1" failures="1" errors="0" skipped="0" time="0">
        <testcase classname="src/app/api/nous/learn/events/events.route.test.ts" name="src/app/api/nous/learn/events/events.route.test.ts" time="0">
            <failure message="No test suite found in file D:/workspace/sophra/src/app/api/nous/learn/events/events.route.test.ts" type="Error">
Error: No test suite found in file D:/workspace/sophra/src/app/api/nous/learn/events/events.route.test.ts
            </failure>
        </testcase>
    </testsuite>
    <testsuite name="src/app/api/nous/learn/feedback/feedback.route.additional.test.ts" timestamp="2025-01-12T02:52:45.373Z" hostname="sophra" tests="1" failures="1" errors="0" skipped="0" time="0">
        <testcase classname="src/app/api/nous/learn/feedback/feedback.route.additional.test.ts" name="src/app/api/nous/learn/feedback/feedback.route.additional.test.ts" time="0">
            <failure message="No test suite found in file D:/workspace/sophra/src/app/api/nous/learn/feedback/feedback.route.additional.test.ts" type="Error">
Error: No test suite found in file D:/workspace/sophra/src/app/api/nous/learn/feedback/feedback.route.additional.test.ts
            </failure>
        </testcase>
    </testsuite>
    <testsuite name="src/app/api/nous/learn/feedback/feedback.route.test.ts" timestamp="2025-01-12T02:52:45.388Z" hostname="sophra" tests="1" failures="1" errors="0" skipped="0" time="0">
        <testcase classname="src/app/api/nous/learn/feedback/feedback.route.test.ts" name="src/app/api/nous/learn/feedback/feedback.route.test.ts" time="0">
            <failure message="No test suite found in file D:/workspace/sophra/src/app/api/nous/learn/feedback/feedback.route.test.ts" type="Error">
Error: No test suite found in file D:/workspace/sophra/src/app/api/nous/learn/feedback/feedback.route.test.ts
            </failure>
        </testcase>
    </testsuite>
    <testsuite name="src/app/api/nous/signals/observe/observe.route.test.ts" timestamp="2025-01-12T02:52:45.403Z" hostname="sophra" tests="1" failures="1" errors="0" skipped="0" time="0">
        <testcase classname="src/app/api/nous/signals/observe/observe.route.test.ts" name="src/app/api/nous/signals/observe/observe.route.test.ts" time="0">
            <failure message="No test suite found in file D:/workspace/sophra/src/app/api/nous/signals/observe/observe.route.test.ts" type="Error">
Error: No test suite found in file D:/workspace/sophra/src/app/api/nous/signals/observe/observe.route.test.ts
            </failure>
        </testcase>
    </testsuite>
    <testsuite name="src/app/api/nous/learn/metrics/metrics.route.additional.test.ts" timestamp="2025-01-12T02:52:45.419Z" hostname="sophra" tests="1" failures="1" errors="0" skipped="0" time="0">
        <testcase classname="src/app/api/nous/learn/metrics/metrics.route.additional.test.ts" name="src/app/api/nous/learn/metrics/metrics.route.additional.test.ts" time="0">
            <failure message="No test suite found in file D:/workspace/sophra/src/app/api/nous/learn/metrics/metrics.route.additional.test.ts" type="Error">
Error: No test suite found in file D:/workspace/sophra/src/app/api/nous/learn/metrics/metrics.route.additional.test.ts
            </failure>
        </testcase>
    </testsuite>
    <testsuite name="src/app/api/nous/learn/metrics/metrics.route.test.ts" timestamp="2025-01-12T02:52:45.432Z" hostname="sophra" tests="1" failures="1" errors="0" skipped="0" time="0">
        <testcase classname="src/app/api/nous/learn/metrics/metrics.route.test.ts" name="src/app/api/nous/learn/metrics/metrics.route.test.ts" time="0">
            <failure message="No test suite found in file D:/workspace/sophra/src/app/api/nous/learn/metrics/metrics.route.test.ts" type="Error">
Error: No test suite found in file D:/workspace/sophra/src/app/api/nous/learn/metrics/metrics.route.test.ts
            </failure>
        </testcase>
    </testsuite>
    <testsuite name="src/app/api/nous/learn/search-patterns/search-patterns.route.additional.test.ts" timestamp="2025-01-12T02:52:45.446Z" hostname="sophra" tests="1" failures="1" errors="0" skipped="0" time="0">
        <testcase classname="src/app/api/nous/learn/search-patterns/search-patterns.route.additional.test.ts" name="src/app/api/nous/learn/search-patterns/search-patterns.route.additional.test.ts" time="0">
            <failure message="No test suite found in file D:/workspace/sophra/src/app/api/nous/learn/search-patterns/search-patterns.route.additional.test.ts" type="Error">
Error: No test suite found in file D:/workspace/sophra/src/app/api/nous/learn/search-patterns/search-patterns.route.additional.test.ts
            </failure>
        </testcase>
    </testsuite>
    <testsuite name="src/app/api/nous/learn/search-patterns/search-patterns.route.test.ts" timestamp="2025-01-12T02:52:45.460Z" hostname="sophra" tests="1" failures="1" errors="0" skipped="0" time="0">
        <testcase classname="src/app/api/nous/learn/search-patterns/search-patterns.route.test.ts" name="src/app/api/nous/learn/search-patterns/search-patterns.route.test.ts" time="0">
            <failure message="No test suite found in file D:/workspace/sophra/src/app/api/nous/learn/search-patterns/search-patterns.route.test.ts" type="Error">
Error: No test suite found in file D:/workspace/sophra/src/app/api/nous/learn/search-patterns/search-patterns.route.test.ts
            </failure>
        </testcase>
    </testsuite>
    <testsuite name="src/app/api/nous/learn/models/models.route.additional.test.ts" timestamp="2025-01-12T02:52:45.474Z" hostname="sophra" tests="1" failures="1" errors="0" skipped="0" time="0">
        <testcase classname="src/app/api/nous/learn/models/models.route.additional.test.ts" name="src/app/api/nous/learn/models/models.route.additional.test.ts" time="0">
            <failure message="No test suite found in file D:/workspace/sophra/src/app/api/nous/learn/models/models.route.additional.test.ts" type="Error">
Error: No test suite found in file D:/workspace/sophra/src/app/api/nous/learn/models/models.route.additional.test.ts
            </failure>
        </testcase>
    </testsuite>
    <testsuite name="src/app/api/nous/learn/models/models.route.test.ts" timestamp="2025-01-12T02:52:45.487Z" hostname="sophra" tests="1" failures="1" errors="0" skipped="0" time="0">
        <testcase classname="src/app/api/nous/learn/models/models.route.test.ts" name="src/app/api/nous/learn/models/models.route.test.ts" time="0">
            <failure message="No test suite found in file D:/workspace/sophra/src/app/api/nous/learn/models/models.route.test.ts" type="Error">
Error: No test suite found in file D:/workspace/sophra/src/app/api/nous/learn/models/models.route.test.ts
            </failure>
        </testcase>
    </testsuite>
    <testsuite name="src/app/api/nous/signals/process/process.route.test.ts" timestamp="2025-01-12T02:52:45.499Z" hostname="sophra" tests="1" failures="1" errors="0" skipped="0" time="0">
        <testcase classname="src/app/api/nous/signals/process/process.route.test.ts" name="src/app/api/nous/signals/process/process.route.test.ts" time="0">
            <failure message="No test suite found in file D:/workspace/sophra/src/app/api/nous/signals/process/process.route.test.ts" type="Error">
Error: No test suite found in file D:/workspace/sophra/src/app/api/nous/signals/process/process.route.test.ts
            </failure>
        </testcase>
    </testsuite>
    <testsuite name="src/app/api/nous/ab-testing/experiments/activate/activate.route.test.ts" timestamp="2025-01-12T02:52:45.513Z" hostname="sophra" tests="1" failures="1" errors="0" skipped="0" time="0">
        <testcase classname="src/app/api/nous/ab-testing/experiments/activate/activate.route.test.ts" name="src/app/api/nous/ab-testing/experiments/activate/activate.route.test.ts" time="0">
            <failure message="No test suite found in file D:/workspace/sophra/src/app/api/nous/ab-testing/experiments/activate/activate.route.test.ts" type="Error">
Error: No test suite found in file D:/workspace/sophra/src/app/api/nous/ab-testing/experiments/activate/activate.route.test.ts
            </failure>
        </testcase>
    </testsuite>
    <testsuite name="src/app/api/cortex/documents/[id]/vectorize/vectorize.route.test.ts" timestamp="2025-01-12T02:52:45.526Z" hostname="sophra" tests="1" failures="1" errors="0" skipped="0" time="0">
        <testcase classname="src/app/api/cortex/documents/[id]/vectorize/vectorize.route.test.ts" name="src/app/api/cortex/documents/[id]/vectorize/vectorize.route.test.ts" time="0">
            <failure message="No test suite found in file D:/workspace/sophra/src/app/api/cortex/documents/[id]/vectorize/vectorize.route.test.ts" type="Error">
Error: No test suite found in file D:/workspace/sophra/src/app/api/cortex/documents/[id]/vectorize/vectorize.route.test.ts
            </failure>
        </testcase>
    </testsuite>
    <testsuite name="src/app/api/cortex/sessions/[sessionId]/analytics/id.analytics.route.test.ts" timestamp="2025-01-12T02:52:45.540Z" hostname="sophra" tests="1" failures="1" errors="0" skipped="0" time="0">
        <testcase classname="src/app/api/cortex/sessions/[sessionId]/analytics/id.analytics.route.test.ts" name="src/app/api/cortex/sessions/[sessionId]/analytics/id.analytics.route.test.ts" time="0">
            <failure message="No test suite found in file D:/workspace/sophra/src/app/api/cortex/sessions/[sessionId]/analytics/id.analytics.route.test.ts" type="Error">
Error: No test suite found in file D:/workspace/sophra/src/app/api/cortex/sessions/[sessionId]/analytics/id.analytics.route.test.ts
            </failure>
        </testcase>
    </testsuite>
    <testsuite name="src/app/api/nous/ab-testing/experiments/deactivate/deactivate.route.test.ts" timestamp="2025-01-12T02:52:45.552Z" hostname="sophra" tests="1" failures="1" errors="0" skipped="0" time="0">
        <testcase classname="src/app/api/nous/ab-testing/experiments/deactivate/deactivate.route.test.ts" name="src/app/api/nous/ab-testing/experiments/deactivate/deactivate.route.test.ts" time="0">
            <failure message="No test suite found in file D:/workspace/sophra/src/app/api/nous/ab-testing/experiments/deactivate/deactivate.route.test.ts" type="Error">
Error: No test suite found in file D:/workspace/sophra/src/app/api/nous/ab-testing/experiments/deactivate/deactivate.route.test.ts
            </failure>
        </testcase>
    </testsuite>
    <testsuite name="src/app/api/nous/ab-testing/experiments/apply/apply.route.test.ts" timestamp="2025-01-12T02:52:45.563Z" hostname="sophra" tests="1" failures="1" errors="0" skipped="0" time="0">
        <testcase classname="src/app/api/nous/ab-testing/experiments/apply/apply.route.test.ts" name="src/app/api/nous/ab-testing/experiments/apply/apply.route.test.ts" time="0">
            <failure message="No test suite found in file D:/workspace/sophra/src/app/api/nous/ab-testing/experiments/apply/apply.route.test.ts" type="Error">
Error: No test suite found in file D:/workspace/sophra/src/app/api/nous/ab-testing/experiments/apply/apply.route.test.ts
            </failure>
        </testcase>
    </testsuite>
    <testsuite name="src/app/api/nous/learn/feedback/patterns/patterns.route.test.ts" timestamp="2025-01-12T02:52:45.577Z" hostname="sophra" tests="1" failures="1" errors="0" skipped="0" time="0">
        <testcase classname="src/app/api/nous/learn/feedback/patterns/patterns.route.test.ts" name="src/app/api/nous/learn/feedback/patterns/patterns.route.test.ts" time="0">
            <failure message="No test suite found in file D:/workspace/sophra/src/app/api/nous/learn/feedback/patterns/patterns.route.test.ts" type="Error">
Error: No test suite found in file D:/workspace/sophra/src/app/api/nous/learn/feedback/patterns/patterns.route.test.ts
            </failure>
        </testcase>
    </testsuite>
    <testsuite name="src/app/api/nous/learn/models/sync/sync.route.test.ts" timestamp="2025-01-12T02:52:45.590Z" hostname="sophra" tests="1" failures="1" errors="0" skipped="0" time="0">
        <testcase classname="src/app/api/nous/learn/models/sync/sync.route.test.ts" name="src/app/api/nous/learn/models/sync/sync.route.test.ts" time="0">
            <failure message="No test suite found in file D:/workspace/sophra/src/app/api/nous/learn/models/sync/sync.route.test.ts" type="Error">
Error: No test suite found in file D:/workspace/sophra/src/app/api/nous/learn/models/sync/sync.route.test.ts
            </failure>
        </testcase>
    </testsuite>
</testsuites>
